{"/home/travis/build/npmtest/node-npmtest-private-bower/test.js":{"path":"/home/travis/build/npmtest/node-npmtest-private-bower/test.js","s":{"1":2,"2":2,"3":2,"4":2,"5":2,"6":2,"7":2,"8":1,"9":2,"10":2,"11":1,"12":1,"13":1,"14":1,"15":2,"16":2,"17":2,"18":2,"19":1,"20":1,"21":2,"22":2,"23":2,"24":1,"25":1,"26":1,"27":1,"28":1,"29":1,"30":1,"31":1,"32":1,"33":1,"34":1,"35":1,"36":1,"37":1,"38":1,"39":2,"40":2,"41":1,"42":2,"43":2,"44":1,"45":2,"46":2,"47":1,"48":2,"49":2,"50":1,"51":1,"52":1,"53":1,"54":1},"b":{"1":[2,1,1,1],"2":[1,1,1,1],"3":[1,1],"4":[1,1],"5":[1,1],"6":[1,1],"7":[1,1],"8":[1,1],"9":[1,1],"10":[1,1,1],"11":[1,1],"12":[1,1],"13":[1,1],"14":[1,1],"15":[1,1],"16":[1,1],"17":[1,1]},"f":{"1":2,"2":2,"3":2,"4":2,"5":2,"6":1,"7":1,"8":1,"9":2,"10":2,"11":2,"12":2,"13":1},"fnMap":{"1":{"name":"(anonymous_1)","line":12,"loc":{"start":{"line":12,"column":1},"end":{"line":12,"column":13}}},"2":{"name":"(anonymous_2)","line":19,"loc":{"start":{"line":19,"column":5},"end":{"line":19,"column":17}}},"3":{"name":"(anonymous_3)","line":23,"loc":{"start":{"line":23,"column":24},"end":{"line":23,"column":36}}},"4":{"name":"(anonymous_4)","line":61,"loc":{"start":{"line":61,"column":5},"end":{"line":61,"column":17}}},"5":{"name":"(anonymous_5)","line":82,"loc":{"start":{"line":82,"column":5},"end":{"line":82,"column":17}}},"6":{"name":"(anonymous_6)","line":91,"loc":{"start":{"line":91,"column":77},"end":{"line":94,"column":10}}},"7":{"name":"(anonymous_7)","line":112,"loc":{"start":{"line":112,"column":83},"end":{"line":115,"column":10}},"skip":true},"8":{"name":"(anonymous_8)","line":123,"loc":{"start":{"line":123,"column":77},"end":{"line":126,"column":10}},"skip":true},"9":{"name":"(anonymous_9)","line":139,"loc":{"start":{"line":139,"column":12},"end":{"line":139,"column":40}},"skip":true},"10":{"name":"(anonymous_10)","line":147,"loc":{"start":{"line":147,"column":77},"end":{"line":150,"column":10}},"skip":true},"11":{"name":"(anonymous_11)","line":158,"loc":{"start":{"line":158,"column":83},"end":{"line":161,"column":10}},"skip":true},"12":{"name":"(anonymous_12)","line":169,"loc":{"start":{"line":169,"column":79},"end":{"line":172,"column":10}},"skip":true},"13":{"name":"(anonymous_13)","line":180,"loc":{"start":{"line":180,"column":75},"end":{"line":183,"column":10}},"skip":true}},"statementMap":{"1":{"start":{"line":12,"column":0},"end":{"line":195,"column":5}},"2":{"start":{"line":14,"column":4},"end":{"line":14,"column":14}},"3":{"start":{"line":19,"column":4},"end":{"line":56,"column":9}},"4":{"start":{"line":21,"column":8},"end":{"line":21,"column":19}},"5":{"start":{"line":23,"column":8},"end":{"line":35,"column":13}},"6":{"start":{"line":24,"column":12},"end":{"line":34,"column":13}},"7":{"start":{"line":25,"column":16},"end":{"line":28,"column":30}},"8":{"start":{"line":30,"column":16},"end":{"line":33,"column":27}},"9":{"start":{"line":37,"column":8},"end":{"line":39,"column":21}},"10":{"start":{"line":40,"column":8},"end":{"line":53,"column":9}},"11":{"start":{"line":43,"column":12},"end":{"line":46,"column":14}},"12":{"start":{"line":47,"column":12},"end":{"line":47,"column":18}},"13":{"start":{"line":50,"column":12},"end":{"line":51,"column":33}},"14":{"start":{"line":52,"column":12},"end":{"line":52,"column":18}},"15":{"start":{"line":55,"column":8},"end":{"line":55,"column":35}},"16":{"start":{"line":61,"column":4},"end":{"line":63,"column":9}},"17":{"start":{"line":62,"column":8},"end":{"line":62,"column":15}},"18":{"start":{"line":64,"column":4},"end":{"line":77,"column":5}},"19":{"start":{"line":70,"column":8},"end":{"line":70,"column":14}},"20":{"start":{"line":76,"column":8},"end":{"line":76,"column":14}},"21":{"start":{"line":82,"column":4},"end":{"line":84,"column":9}},"22":{"start":{"line":83,"column":8},"end":{"line":83,"column":15}},"23":{"start":{"line":85,"column":4},"end":{"line":194,"column":5}},"24":{"start":{"line":91,"column":8},"end":{"line":99,"column":10}},"25":{"start":{"line":98,"column":12},"end":{"line":98,"column":35}},"26":{"start":{"line":102,"column":8},"end":{"line":104,"column":63}},"27":{"start":{"line":105,"column":8},"end":{"line":105,"column":14}},"28":{"start":{"line":112,"column":8},"end":{"line":121,"column":10},"skip":true},"29":{"start":{"line":119,"column":12},"end":{"line":119,"column":55},"skip":true},"30":{"start":{"line":120,"column":12},"end":{"line":120,"column":48},"skip":true},"31":{"start":{"line":123,"column":8},"end":{"line":136,"column":10},"skip":true},"32":{"start":{"line":130,"column":12},"end":{"line":130,"column":76},"skip":true},"33":{"start":{"line":131,"column":12},"end":{"line":131,"column":73},"skip":true},"34":{"start":{"line":132,"column":12},"end":{"line":132,"column":74},"skip":true},"35":{"start":{"line":133,"column":12},"end":{"line":133,"column":79},"skip":true},"36":{"start":{"line":134,"column":12},"end":{"line":134,"column":25},"skip":true},"37":{"start":{"line":135,"column":12},"end":{"line":135,"column":45},"skip":true},"38":{"start":{"line":138,"column":8},"end":{"line":145,"column":14},"skip":true},"39":{"start":{"line":143,"column":16},"end":{"line":143,"column":29},"skip":true},"40":{"start":{"line":144,"column":16},"end":{"line":144,"column":55},"skip":true},"41":{"start":{"line":147,"column":8},"end":{"line":156,"column":10},"skip":true},"42":{"start":{"line":154,"column":12},"end":{"line":154,"column":25},"skip":true},"43":{"start":{"line":155,"column":12},"end":{"line":155,"column":45},"skip":true},"44":{"start":{"line":158,"column":8},"end":{"line":167,"column":10},"skip":true},"45":{"start":{"line":165,"column":12},"end":{"line":165,"column":25},"skip":true},"46":{"start":{"line":166,"column":12},"end":{"line":166,"column":48},"skip":true},"47":{"start":{"line":169,"column":8},"end":{"line":178,"column":10},"skip":true},"48":{"start":{"line":176,"column":12},"end":{"line":176,"column":25},"skip":true},"49":{"start":{"line":177,"column":12},"end":{"line":177,"column":46},"skip":true},"50":{"start":{"line":180,"column":8},"end":{"line":189,"column":10},"skip":true},"51":{"start":{"line":187,"column":12},"end":{"line":187,"column":94},"skip":true},"52":{"start":{"line":188,"column":12},"end":{"line":188,"column":48},"skip":true},"53":{"start":{"line":192,"column":8},"end":{"line":192,"column":35},"skip":true},"54":{"start":{"line":193,"column":8},"end":{"line":193,"column":14},"skip":true}},"branchMap":{"1":{"line":25,"type":"binary-expr","locations":[{"start":{"line":25,"column":23},"end":{"line":25,"column":62}},{"start":{"line":26,"column":20},"end":{"line":26,"column":70}},{"start":{"line":27,"column":20},"end":{"line":27,"column":71}},{"start":{"line":28,"column":20},"end":{"line":28,"column":29}}]},"2":{"line":30,"type":"binary-expr","locations":[{"start":{"line":30,"column":23},"end":{"line":30,"column":37}},{"start":{"line":31,"column":20},"end":{"line":31,"column":61}},{"start":{"line":32,"column":20},"end":{"line":32,"column":70}},{"start":{"line":33,"column":20},"end":{"line":33,"column":26}}]},"3":{"line":37,"type":"cond-expr","locations":[{"start":{"line":38,"column":14},"end":{"line":38,"column":20}},{"start":{"line":39,"column":14},"end":{"line":39,"column":20}}]},"4":{"line":40,"type":"switch","locations":[{"start":{"line":42,"column":8},"end":{"line":47,"column":18}},{"start":{"line":49,"column":8},"end":{"line":52,"column":18}}]},"5":{"line":44,"type":"binary-expr","locations":[{"start":{"line":44,"column":16},"end":{"line":44,"column":44}},{"start":{"line":44,"column":48},"end":{"line":44,"column":66}}]},"6":{"line":50,"type":"binary-expr","locations":[{"start":{"line":50,"column":21},"end":{"line":50,"column":49}},{"start":{"line":50,"column":53},"end":{"line":50,"column":72}}]},"7":{"line":64,"type":"switch","locations":[{"start":{"line":69,"column":4},"end":{"line":70,"column":14}},{"start":{"line":75,"column":4},"end":{"line":76,"column":14}}]},"8":{"line":85,"type":"switch","locations":[{"start":{"line":90,"column":4},"end":{"line":105,"column":14}},{"start":{"line":111,"column":4},"end":{"line":193,"column":14},"skip":true}]},"9":{"line":91,"type":"binary-expr","locations":[{"start":{"line":91,"column":42},"end":{"line":91,"column":73}},{"start":{"line":91,"column":77},"end":{"line":99,"column":9}}]},"10":{"line":102,"type":"binary-expr","locations":[{"start":{"line":102,"column":18},"end":{"line":102,"column":32}},{"start":{"line":103,"column":12},"end":{"line":103,"column":53}},{"start":{"line":104,"column":12},"end":{"line":104,"column":61}}]},"11":{"line":112,"type":"binary-expr","locations":[{"start":{"line":112,"column":45},"end":{"line":112,"column":79},"skip":true},{"start":{"line":112,"column":83},"end":{"line":121,"column":9},"skip":true}]},"12":{"line":123,"type":"binary-expr","locations":[{"start":{"line":123,"column":42},"end":{"line":123,"column":73},"skip":true},{"start":{"line":123,"column":77},"end":{"line":136,"column":9},"skip":true}]},"13":{"line":138,"type":"binary-expr","locations":[{"start":{"line":138,"column":48},"end":{"line":138,"column":85},"skip":true},{"start":{"line":139,"column":12},"end":{"line":145,"column":13},"skip":true}]},"14":{"line":147,"type":"binary-expr","locations":[{"start":{"line":147,"column":42},"end":{"line":147,"column":73},"skip":true},{"start":{"line":147,"column":77},"end":{"line":156,"column":9},"skip":true}]},"15":{"line":158,"type":"binary-expr","locations":[{"start":{"line":158,"column":45},"end":{"line":158,"column":79},"skip":true},{"start":{"line":158,"column":83},"end":{"line":167,"column":9},"skip":true}]},"16":{"line":169,"type":"binary-expr","locations":[{"start":{"line":169,"column":43},"end":{"line":169,"column":75},"skip":true},{"start":{"line":169,"column":79},"end":{"line":178,"column":9},"skip":true}]},"17":{"line":180,"type":"binary-expr","locations":[{"start":{"line":180,"column":41},"end":{"line":180,"column":71},"skip":true},{"start":{"line":180,"column":75},"end":{"line":189,"column":9},"skip":true}]}},"code":["/* istanbul instrument in package npmtest_private_bower */","/*jslint","    bitwise: true,","    browser: true,","    maxerr: 8,","    maxlen: 96,","    node: true,","    nomen: true,","    regexp: true,","    stupid: true","*/","(function () {","    'use strict';","    var local;","","","","    // run shared js-env code - init-before","    (function () {","        // init local","        local = {};","        // init modeJs","        local.modeJs = (function () {","            try {","                return typeof navigator.userAgent === 'string' &&","                    typeof document.querySelector('body') === 'object' &&","                    typeof XMLHttpRequest.prototype.open === 'function' &&","                    'browser';","            } catch (errorCaughtBrowser) {","                return module.exports &&","                    typeof process.versions.node === 'string' &&","                    typeof require('http').createServer === 'function' &&","                    'node';","            }","        }());","        // init global","        local.global = local.modeJs === 'browser'","            ? window","            : global;","        switch (local.modeJs) {","        // re-init local from window.local","        case 'browser':","            local = local.global.utility2.objectSetDefault(","                local.global.utility2_rollup || local.global.local,","                local.global.utility2","            );","            break;","        // re-init local from example.js","        case 'node':","            local = (local.global.utility2_rollup || require('utility2'))","                .requireReadme();","            break;","        }","        // export local","        local.global.local = local;","    }());","","","","    // run shared js-env code - function","    (function () {","        return;","    }());","    switch (local.modeJs) {","","","","    // run browser js-env code - function","    case 'browser':","        break;","","","","    // run node js-env code - function","    case 'node':","        break;","    }","","","","    // run shared js-env code - init-after","    (function () {","        return;","    }());","    switch (local.modeJs) {","","","","    // run browser js-env code - init-after","    case 'browser':","        local.testCase_browser_nullCase = local.testCase_browser_nullCase || function (","            options,","            onError","        ) {","        /*","         * this function will test browsers's null-case handling-behavior-behavior","         */","            onError(null, options);","        };","","        // run tests","        local.nop(local.modeTest &&","            document.querySelector('#testRunButton1') &&","            document.querySelector('#testRunButton1').click());","        break;","","","","    // run node js-env code - init-after","    /* istanbul ignore next */","    case 'node':","        local.testCase_buildApidoc_default = local.testCase_buildApidoc_default || function (","            options,","            onError","        ) {","        /*","         * this function will test buildApidoc's default handling-behavior-behavior","         */","            options = { modulePathList: module.paths };","            local.buildApidoc(options, onError);","        };","","        local.testCase_buildApp_default = local.testCase_buildApp_default || function (","            options,","            onError","        ) {","        /*","         * this function will test buildApp's default handling-behavior-behavior","         */","            local.testCase_buildReadme_default(options, local.onErrorThrow);","            local.testCase_buildLib_default(options, local.onErrorThrow);","            local.testCase_buildTest_default(options, local.onErrorThrow);","            local.testCase_buildCustomOrg_default(options, local.onErrorThrow);","            options = [];","            local.buildApp(options, onError);","        };","","        local.testCase_buildCustomOrg_default = local.testCase_buildCustomOrg_default ||","            function (options, onError) {","            /*","             * this function will test buildCustomOrg's default handling-behavior","             */","                options = {};","                local.buildCustomOrg(options, onError);","            };","","        local.testCase_buildLib_default = local.testCase_buildLib_default || function (","            options,","            onError","        ) {","        /*","         * this function will test buildLib's default handling-behavior","         */","            options = {};","            local.buildLib(options, onError);","        };","","        local.testCase_buildReadme_default = local.testCase_buildReadme_default || function (","            options,","            onError","        ) {","        /*","         * this function will test buildReadme's default handling-behavior-behavior","         */","            options = {};","            local.buildReadme(options, onError);","        };","","        local.testCase_buildTest_default = local.testCase_buildTest_default || function (","            options,","            onError","        ) {","        /*","         * this function will test buildTest's default handling-behavior","         */","            options = {};","            local.buildTest(options, onError);","        };","","        local.testCase_webpage_default = local.testCase_webpage_default || function (","            options,","            onError","        ) {","        /*","         * this function will test webpage's default handling-behavior","         */","            options = { modeCoverageMerge: true, url: local.serverLocalHost + '?modeTest=1' };","            local.browserTest(options, onError);","        };","","        // run test-server","        local.testRunServer(local);","        break;","    }","}());",""],"l":{"12":2,"14":2,"19":2,"21":2,"23":2,"24":2,"25":2,"30":1,"37":2,"40":2,"43":1,"47":1,"50":1,"52":1,"55":2,"61":2,"62":2,"64":2,"70":1,"76":1,"82":2,"83":2,"85":2,"91":1,"98":1,"102":1,"105":1,"112":1,"119":1,"120":1,"123":1,"130":1,"131":1,"132":1,"133":1,"134":1,"135":1,"138":1,"143":2,"144":2,"147":1,"154":2,"155":2,"158":1,"165":2,"166":2,"169":1,"176":2,"177":2,"180":1,"187":1,"188":1,"192":1,"193":1}},"/home/travis/build/npmtest/node-npmtest-private-bower/lib.npmtest_private_bower.js":{"path":"/home/travis/build/npmtest/node-npmtest-private-bower/lib.npmtest_private_bower.js","s":{"1":2,"2":2,"3":2,"4":2,"5":2,"6":2,"7":2,"8":1,"9":2,"10":2,"11":2,"12":2,"13":1,"14":1,"15":1,"16":1},"b":{"1":[2,1,1,1],"2":[1,1,1,1],"3":[1,1],"4":[2,2],"5":[1,1]},"f":{"1":2,"2":2,"3":2},"fnMap":{"1":{"name":"(anonymous_1)","line":12,"loc":{"start":{"line":12,"column":1},"end":{"line":12,"column":13}}},"2":{"name":"(anonymous_2)","line":19,"loc":{"start":{"line":19,"column":5},"end":{"line":19,"column":17}}},"3":{"name":"(anonymous_3)","line":23,"loc":{"start":{"line":23,"column":24},"end":{"line":23,"column":36}}}},"statementMap":{"1":{"start":{"line":12,"column":0},"end":{"line":53,"column":5}},"2":{"start":{"line":14,"column":4},"end":{"line":14,"column":14}},"3":{"start":{"line":19,"column":4},"end":{"line":52,"column":9}},"4":{"start":{"line":21,"column":8},"end":{"line":21,"column":19}},"5":{"start":{"line":23,"column":8},"end":{"line":35,"column":13}},"6":{"start":{"line":24,"column":12},"end":{"line":34,"column":13}},"7":{"start":{"line":25,"column":16},"end":{"line":28,"column":30}},"8":{"start":{"line":30,"column":16},"end":{"line":33,"column":27}},"9":{"start":{"line":37,"column":8},"end":{"line":39,"column":21}},"10":{"start":{"line":41,"column":8},"end":{"line":41,"column":54}},"11":{"start":{"line":43,"column":8},"end":{"line":43,"column":58}},"12":{"start":{"line":45,"column":8},"end":{"line":51,"column":9}},"13":{"start":{"line":46,"column":12},"end":{"line":46,"column":64}},"14":{"start":{"line":48,"column":12},"end":{"line":48,"column":35}},"15":{"start":{"line":49,"column":12},"end":{"line":49,"column":49}},"16":{"start":{"line":50,"column":12},"end":{"line":50,"column":43}}},"branchMap":{"1":{"line":25,"type":"binary-expr","locations":[{"start":{"line":25,"column":23},"end":{"line":25,"column":62}},{"start":{"line":26,"column":20},"end":{"line":26,"column":70}},{"start":{"line":27,"column":20},"end":{"line":27,"column":71}},{"start":{"line":28,"column":20},"end":{"line":28,"column":29}}]},"2":{"line":30,"type":"binary-expr","locations":[{"start":{"line":30,"column":23},"end":{"line":30,"column":37}},{"start":{"line":31,"column":20},"end":{"line":31,"column":61}},{"start":{"line":32,"column":20},"end":{"line":32,"column":70}},{"start":{"line":33,"column":20},"end":{"line":33,"column":26}}]},"3":{"line":37,"type":"cond-expr","locations":[{"start":{"line":38,"column":14},"end":{"line":38,"column":20}},{"start":{"line":39,"column":14},"end":{"line":39,"column":20}}]},"4":{"line":41,"type":"binary-expr","locations":[{"start":{"line":41,"column":16},"end":{"line":41,"column":44}},{"start":{"line":41,"column":48},"end":{"line":41,"column":53}}]},"5":{"line":45,"type":"if","locations":[{"start":{"line":45,"column":8},"end":{"line":45,"column":8}},{"start":{"line":45,"column":8},"end":{"line":45,"column":8}}]}},"code":["/* istanbul instrument in package npmtest_private_bower */","/*jslint","    bitwise: true,","    browser: true,","    maxerr: 8,","    maxlen: 96,","    node: true,","    nomen: true,","    regexp: true,","    stupid: true","*/","(function () {","    'use strict';","    var local;","","","","    // run shared js-env code - init-before","    (function () {","        // init local","        local = {};","        // init modeJs","        local.modeJs = (function () {","            try {","                return typeof navigator.userAgent === 'string' &&","                    typeof document.querySelector('body') === 'object' &&","                    typeof XMLHttpRequest.prototype.open === 'function' &&","                    'browser';","            } catch (errorCaughtBrowser) {","                return module.exports &&","                    typeof process.versions.node === 'string' &&","                    typeof require('http').createServer === 'function' &&","                    'node';","            }","        }());","        // init global","        local.global = local.modeJs === 'browser'","            ? window","            : global;","        // init utility2_rollup","        local = local.global.utility2_rollup || local;","        // init lib","        local.local = local.npmtest_private_bower = local;","        // init exports","        if (local.modeJs === 'browser') {","            local.global.utility2_npmtest_private_bower = local;","        } else {","            module.exports = local;","            module.exports.__dirname = __dirname;","            module.exports.module = module;","        }","    }());","}());",""],"l":{"12":2,"14":2,"19":2,"21":2,"23":2,"24":2,"25":2,"30":1,"37":2,"41":2,"43":2,"45":2,"46":1,"48":1,"49":1,"50":1}},"/home/travis/build/npmtest/node-npmtest-private-bower/example.js":{"path":"/home/travis/build/npmtest/node-npmtest-private-bower/example.js","s":{"1":2,"2":2,"3":2,"4":2,"5":2,"6":2,"7":2,"8":1,"9":2,"10":2,"11":2,"12":2,"13":1,"14":2,"15":2,"16":2,"17":2,"18":2,"19":0,"20":2,"21":1,"22":1,"23":1,"24":1,"25":1,"26":0,"27":0,"28":1,"29":1,"30":2,"31":0,"32":0,"33":0,"34":1,"35":2,"36":2,"37":3,"38":3,"39":3,"40":3,"41":0,"42":3,"43":3,"44":3,"45":1,"46":3,"47":1,"48":1,"49":1,"50":1,"51":1,"52":1,"53":1,"54":1,"55":1,"56":1,"57":0,"58":1,"59":6,"60":6,"61":1,"62":2,"63":0,"64":2,"65":1,"66":1,"67":0,"68":0,"69":0,"70":0,"71":0,"72":0,"73":0,"74":0,"75":0,"76":0,"77":0,"78":0,"79":0,"80":0,"81":0,"82":0,"83":0},"b":{"1":[2,1,1,1],"2":[1,1,1,1],"3":[1,1],"4":[2,2],"5":[1,1],"6":[1,1],"7":[2,0],"8":[2,1,1,1,1,1],"9":[0,2,0],"10":[1,1],"11":[2,1,1],"12":[1,0],"13":[0,2],"14":[2,0,0,0,0,0,0],"15":[0,3],"16":[3,0],"17":[1,1],"18":[0,1],"19":[1,2,0,2],"20":[1,0],"21":[1,1],"22":[0,0],"23":[0,0],"24":[0,0],"25":[0,0],"26":[0,0],"27":[0,0],"28":[0,0]},"f":{"1":2,"2":2,"3":2,"4":2,"5":2,"6":2,"7":3,"8":3,"9":3,"10":1,"11":6,"12":0},"fnMap":{"1":{"name":"(anonymous_1)","line":26,"loc":{"start":{"line":26,"column":1},"end":{"line":26,"column":13}}},"2":{"name":"(anonymous_2)","line":33,"loc":{"start":{"line":33,"column":5},"end":{"line":33,"column":17}}},"3":{"name":"(anonymous_3)","line":37,"loc":{"start":{"line":37,"column":24},"end":{"line":37,"column":36}}},"4":{"name":"(anonymous_4)","line":69,"loc":{"start":{"line":69,"column":31},"end":{"line":69,"column":48}},"skip":true},"5":{"name":"(anonymous_5)","line":78,"loc":{"start":{"line":78,"column":26},"end":{"line":78,"column":45}},"skip":true},"6":{"name":"(anonymous_6)","line":123,"loc":{"start":{"line":123,"column":33},"end":{"line":123,"column":48}},"skip":true},"7":{"name":"(anonymous_7)","line":125,"loc":{"start":{"line":125,"column":27},"end":{"line":125,"column":39}},"skip":true},"8":{"name":"(anonymous_8)","line":133,"loc":{"start":{"line":133,"column":59},"end":{"line":133,"column":74}},"skip":true},"9":{"name":"(anonymous_9)","line":143,"loc":{"start":{"line":143,"column":45},"end":{"line":143,"column":62}},"skip":true},"10":{"name":"(anonymous_10)","line":144,"loc":{"start":{"line":144,"column":73},"end":{"line":144,"column":92}},"skip":true},"11":{"name":"(anonymous_11)","line":272,"loc":{"start":{"line":272,"column":51},"end":{"line":272,"column":77}},"skip":true},"12":{"name":"(anonymous_12)","line":315,"loc":{"start":{"line":315,"column":32},"end":{"line":315,"column":61}},"skip":true}},"statementMap":{"1":{"start":{"line":26,"column":0},"end":{"line":326,"column":5}},"2":{"start":{"line":28,"column":4},"end":{"line":28,"column":14}},"3":{"start":{"line":33,"column":4},"end":{"line":60,"column":9}},"4":{"start":{"line":35,"column":8},"end":{"line":35,"column":19}},"5":{"start":{"line":37,"column":8},"end":{"line":49,"column":13}},"6":{"start":{"line":38,"column":12},"end":{"line":48,"column":13}},"7":{"start":{"line":39,"column":16},"end":{"line":42,"column":30}},"8":{"start":{"line":44,"column":16},"end":{"line":47,"column":27}},"9":{"start":{"line":51,"column":8},"end":{"line":53,"column":21}},"10":{"start":{"line":55,"column":8},"end":{"line":57,"column":45}},"11":{"start":{"line":59,"column":8},"end":{"line":59,"column":35}},"12":{"start":{"line":61,"column":4},"end":{"line":325,"column":5}},"13":{"start":{"line":69,"column":8},"end":{"line":121,"column":10},"skip":true},"14":{"start":{"line":70,"column":12},"end":{"line":88,"column":13},"skip":true},"15":{"start":{"line":76,"column":16},"end":{"line":87,"column":19},"skip":true},"16":{"start":{"line":79,"column":20},"end":{"line":86,"column":21},"skip":true},"17":{"start":{"line":82,"column":24},"end":{"line":82,"column":43},"skip":true},"18":{"start":{"line":83,"column":24},"end":{"line":83,"column":30},"skip":true},"19":{"start":{"line":85,"column":24},"end":{"line":85,"column":49},"skip":true},"20":{"start":{"line":89,"column":12},"end":{"line":107,"column":13},"skip":true},"21":{"start":{"line":92,"column":16},"end":{"line":102,"column":17},"skip":true},"22":{"start":{"line":93,"column":20},"end":{"line":93,"column":86},"skip":true},"23":{"start":{"line":94,"column":20},"end":{"line":95,"column":45},"skip":true},"24":{"start":{"line":96,"column":20},"end":{"line":96,"column":42},"skip":true},"25":{"start":{"line":97,"column":20},"end":{"line":97,"column":48},"skip":true},"26":{"start":{"line":100,"column":20},"end":{"line":100,"column":85},"skip":true},"27":{"start":{"line":101,"column":20},"end":{"line":101,"column":96},"skip":true},"28":{"start":{"line":103,"column":16},"end":{"line":103,"column":22},"skip":true},"29":{"start":{"line":106,"column":16},"end":{"line":106,"column":22},"skip":true},"30":{"start":{"line":108,"column":12},"end":{"line":120,"column":13},"skip":true},"31":{"start":{"line":114,"column":16},"end":{"line":119,"column":17},"skip":true},"32":{"start":{"line":116,"column":20},"end":{"line":116,"column":78},"skip":true},"33":{"start":{"line":118,"column":20},"end":{"line":118,"column":47},"skip":true},"34":{"start":{"line":123,"column":8},"end":{"line":141,"column":11},"skip":true},"35":{"start":{"line":124,"column":12},"end":{"line":124,"column":54},"skip":true},"36":{"start":{"line":125,"column":12},"end":{"line":140,"column":14},"skip":true},"37":{"start":{"line":126,"column":16},"end":{"line":126,"column":28},"skip":true},"38":{"start":{"line":127,"column":16},"end":{"line":127,"column":69},"skip":true},"39":{"start":{"line":128,"column":16},"end":{"line":128,"column":75},"skip":true},"40":{"start":{"line":129,"column":16},"end":{"line":131,"column":17},"skip":true},"41":{"start":{"line":130,"column":20},"end":{"line":130,"column":27},"skip":true},"42":{"start":{"line":133,"column":16},"end":{"line":137,"column":36},"skip":true},"43":{"start":{"line":134,"column":20},"end":{"line":136,"column":55},"skip":true},"44":{"start":{"line":139,"column":16},"end":{"line":139,"column":57},"skip":true},"45":{"start":{"line":143,"column":8},"end":{"line":147,"column":11},"skip":true},"46":{"start":{"line":144,"column":12},"end":{"line":146,"column":15},"skip":true},"47":{"start":{"line":145,"column":16},"end":{"line":145,"column":70},"skip":true},"48":{"start":{"line":149,"column":8},"end":{"line":149,"column":31},"skip":true},"49":{"start":{"line":150,"column":8},"end":{"line":150,"column":14},"skip":true},"50":{"start":{"line":158,"column":8},"end":{"line":158,"column":31},"skip":true},"51":{"start":{"line":160,"column":8},"end":{"line":160,"column":33},"skip":true},"52":{"start":{"line":161,"column":8},"end":{"line":161,"column":37},"skip":true},"53":{"start":{"line":162,"column":8},"end":{"line":162,"column":35},"skip":true},"54":{"start":{"line":164,"column":8},"end":{"line":164,"column":50},"skip":true},"55":{"start":{"line":166,"column":8},"end":{"line":256,"column":2},"skip":true},"56":{"start":{"line":258,"column":8},"end":{"line":286,"column":9},"skip":true},"57":{"start":{"line":259,"column":12},"end":{"line":269,"column":14},"skip":true},"58":{"start":{"line":271,"column":12},"end":{"line":285,"column":19},"skip":true},"59":{"start":{"line":274,"column":20},"end":{"line":274,"column":35},"skip":true},"60":{"start":{"line":275,"column":20},"end":{"line":284,"column":21},"skip":true},"61":{"start":{"line":277,"column":24},"end":{"line":277,"column":64},"skip":true},"62":{"start":{"line":279,"column":24},"end":{"line":279,"column":40},"skip":true},"63":{"start":{"line":281,"column":24},"end":{"line":281,"column":40},"skip":true},"64":{"start":{"line":283,"column":24},"end":{"line":283,"column":39},"skip":true},"65":{"start":{"line":288,"column":8},"end":{"line":290,"column":9},"skip":true},"66":{"start":{"line":289,"column":12},"end":{"line":289,"column":18},"skip":true},"67":{"start":{"line":291,"column":8},"end":{"line":293,"column":54},"skip":true},"68":{"start":{"line":296,"column":8},"end":{"line":301,"column":37},"skip":true},"69":{"start":{"line":303,"column":8},"end":{"line":303,"column":82},"skip":true},"70":{"start":{"line":306,"column":8},"end":{"line":308,"column":9},"skip":true},"71":{"start":{"line":307,"column":12},"end":{"line":307,"column":82},"skip":true},"72":{"start":{"line":310,"column":8},"end":{"line":312,"column":9},"skip":true},"73":{"start":{"line":311,"column":12},"end":{"line":311,"column":18},"skip":true},"74":{"start":{"line":313,"column":8},"end":{"line":313,"column":54},"skip":true},"75":{"start":{"line":314,"column":8},"end":{"line":314,"column":69},"skip":true},"76":{"start":{"line":315,"column":8},"end":{"line":323,"column":36},"skip":true},"77":{"start":{"line":316,"column":12},"end":{"line":316,"column":61},"skip":true},"78":{"start":{"line":317,"column":12},"end":{"line":320,"column":13},"skip":true},"79":{"start":{"line":318,"column":16},"end":{"line":318,"column":75},"skip":true},"80":{"start":{"line":319,"column":16},"end":{"line":319,"column":23},"skip":true},"81":{"start":{"line":321,"column":12},"end":{"line":321,"column":38},"skip":true},"82":{"start":{"line":322,"column":12},"end":{"line":322,"column":27},"skip":true},"83":{"start":{"line":324,"column":8},"end":{"line":324,"column":14},"skip":true}},"branchMap":{"1":{"line":39,"type":"binary-expr","locations":[{"start":{"line":39,"column":23},"end":{"line":39,"column":62}},{"start":{"line":40,"column":20},"end":{"line":40,"column":70}},{"start":{"line":41,"column":20},"end":{"line":41,"column":71}},{"start":{"line":42,"column":20},"end":{"line":42,"column":29}}]},"2":{"line":44,"type":"binary-expr","locations":[{"start":{"line":44,"column":23},"end":{"line":44,"column":37}},{"start":{"line":45,"column":20},"end":{"line":45,"column":61}},{"start":{"line":46,"column":20},"end":{"line":46,"column":70}},{"start":{"line":47,"column":20},"end":{"line":47,"column":26}}]},"3":{"line":51,"type":"cond-expr","locations":[{"start":{"line":52,"column":14},"end":{"line":52,"column":20}},{"start":{"line":53,"column":14},"end":{"line":53,"column":20}}]},"4":{"line":55,"type":"binary-expr","locations":[{"start":{"line":55,"column":16},"end":{"line":55,"column":44}},{"start":{"line":55,"column":49},"end":{"line":57,"column":43}}]},"5":{"line":55,"type":"cond-expr","locations":[{"start":{"line":56,"column":14},"end":{"line":56,"column":57}},{"start":{"line":57,"column":14},"end":{"line":57,"column":43}}]},"6":{"line":61,"type":"switch","locations":[{"start":{"line":68,"column":4},"end":{"line":150,"column":14},"skip":true},{"start":{"line":156,"column":4},"end":{"line":324,"column":14},"skip":true}]},"7":{"line":70,"type":"if","locations":[{"start":{"line":70,"column":12},"end":{"line":70,"column":12},"skip":true},{"start":{"line":70,"column":12},"end":{"line":70,"column":12},"skip":true}]},"8":{"line":70,"type":"binary-expr","locations":[{"start":{"line":70,"column":16},"end":{"line":70,"column":22},"skip":true},{"start":{"line":70,"column":27},"end":{"line":70,"column":32},"skip":true},{"start":{"line":71,"column":20},"end":{"line":71,"column":39},"skip":true},{"start":{"line":72,"column":20},"end":{"line":72,"column":49},"skip":true},{"start":{"line":73,"column":20},"end":{"line":73,"column":58},"skip":true},{"start":{"line":74,"column":20},"end":{"line":74,"column":69},"skip":true}]},"9":{"line":79,"type":"switch","locations":[{"start":{"line":80,"column":20},"end":{"line":80,"column":33},"skip":true},{"start":{"line":81,"column":20},"end":{"line":83,"column":30},"skip":true},{"start":{"line":84,"column":20},"end":{"line":85,"column":49},"skip":true}]},"10":{"line":89,"type":"switch","locations":[{"start":{"line":90,"column":12},"end":{"line":103,"column":22},"skip":true},{"start":{"line":105,"column":12},"end":{"line":106,"column":22},"skip":true}]},"11":{"line":89,"type":"binary-expr","locations":[{"start":{"line":89,"column":20},"end":{"line":89,"column":25},"skip":true},{"start":{"line":89,"column":29},"end":{"line":89,"column":48},"skip":true},{"start":{"line":89,"column":52},"end":{"line":89,"column":74},"skip":true}]},"12":{"line":92,"type":"if","locations":[{"start":{"line":92,"column":16},"end":{"line":92,"column":16},"skip":true},{"start":{"line":92,"column":16},"end":{"line":92,"column":16},"skip":true}]},"13":{"line":108,"type":"if","locations":[{"start":{"line":108,"column":12},"end":{"line":108,"column":12},"skip":true},{"start":{"line":108,"column":12},"end":{"line":108,"column":12},"skip":true}]},"14":{"line":108,"type":"binary-expr","locations":[{"start":{"line":108,"column":16},"end":{"line":108,"column":61},"skip":true},{"start":{"line":108,"column":66},"end":{"line":108,"column":72},"skip":true},{"start":{"line":108,"column":77},"end":{"line":108,"column":82},"skip":true},{"start":{"line":109,"column":20},"end":{"line":109,"column":39},"skip":true},{"start":{"line":110,"column":20},"end":{"line":110,"column":49},"skip":true},{"start":{"line":111,"column":20},"end":{"line":111,"column":58},"skip":true},{"start":{"line":112,"column":20},"end":{"line":112,"column":68},"skip":true}]},"15":{"line":129,"type":"if","locations":[{"start":{"line":129,"column":16},"end":{"line":129,"column":16},"skip":true},{"start":{"line":129,"column":16},"end":{"line":129,"column":16},"skip":true}]},"16":{"line":134,"type":"cond-expr","locations":[{"start":{"line":135,"column":26},"end":{"line":135,"column":29},"skip":true},{"start":{"line":136,"column":26},"end":{"line":136,"column":54},"skip":true}]},"17":{"line":164,"type":"binary-expr","locations":[{"start":{"line":164,"column":27},"end":{"line":164,"column":43},"skip":true},{"start":{"line":164,"column":47},"end":{"line":164,"column":49},"skip":true}]},"18":{"line":258,"type":"if","locations":[{"start":{"line":258,"column":8},"end":{"line":258,"column":8},"skip":true},{"start":{"line":258,"column":8},"end":{"line":258,"column":8},"skip":true}]},"19":{"line":275,"type":"switch","locations":[{"start":{"line":276,"column":20},"end":{"line":277,"column":64},"skip":true},{"start":{"line":278,"column":20},"end":{"line":279,"column":40},"skip":true},{"start":{"line":280,"column":20},"end":{"line":281,"column":40},"skip":true},{"start":{"line":282,"column":20},"end":{"line":283,"column":39},"skip":true}]},"20":{"line":288,"type":"if","locations":[{"start":{"line":288,"column":8},"end":{"line":288,"column":8},"skip":true},{"start":{"line":288,"column":8},"end":{"line":288,"column":8},"skip":true}]},"21":{"line":288,"type":"binary-expr","locations":[{"start":{"line":288,"column":12},"end":{"line":288,"column":40},"skip":true},{"start":{"line":288,"column":44},"end":{"line":288,"column":67},"skip":true}]},"22":{"line":292,"type":"binary-expr","locations":[{"start":{"line":292,"column":12},"end":{"line":292,"column":50},"skip":true},{"start":{"line":293,"column":12},"end":{"line":293,"column":53},"skip":true}]},"23":{"line":297,"type":"binary-expr","locations":[{"start":{"line":297,"column":12},"end":{"line":297,"column":71},"skip":true},{"start":{"line":298,"column":12},"end":{"line":301,"column":36},"skip":true}]},"24":{"line":303,"type":"binary-expr","locations":[{"start":{"line":303,"column":43},"end":{"line":303,"column":75},"skip":true},{"start":{"line":303,"column":79},"end":{"line":303,"column":81},"skip":true}]},"25":{"line":306,"type":"if","locations":[{"start":{"line":306,"column":8},"end":{"line":306,"column":8},"skip":true},{"start":{"line":306,"column":8},"end":{"line":306,"column":8},"skip":true}]},"26":{"line":310,"type":"if","locations":[{"start":{"line":310,"column":8},"end":{"line":310,"column":8},"skip":true},{"start":{"line":310,"column":8},"end":{"line":310,"column":8},"skip":true}]},"27":{"line":313,"type":"binary-expr","locations":[{"start":{"line":313,"column":27},"end":{"line":313,"column":43},"skip":true},{"start":{"line":313,"column":47},"end":{"line":313,"column":53},"skip":true}]},"28":{"line":317,"type":"if","locations":[{"start":{"line":317,"column":12},"end":{"line":317,"column":12},"skip":true},{"start":{"line":317,"column":12},"end":{"line":317,"column":12},"skip":true}]}},"code":["/*","example.js","","quickstart example","","instruction","    1. save this script as example.js","    2. run the shell command:","        $ npm install npmtest-private-bower && PORT=8081 node example.js","    3. play with the browser-demo on http://127.0.0.1:8081","*/","","","","/* istanbul instrument in package npmtest_private_bower */","/*jslint","    bitwise: true,","    browser: true,","    maxerr: 8,","    maxlen: 96,","    node: true,","    nomen: true,","    regexp: true,","    stupid: true","*/","(function () {","    'use strict';","    var local;","","","","    // run shared js-env code - init-before","    (function () {","        // init local","        local = {};","        // init modeJs","        local.modeJs = (function () {","            try {","                return typeof navigator.userAgent === 'string' &&","                    typeof document.querySelector('body') === 'object' &&","                    typeof XMLHttpRequest.prototype.open === 'function' &&","                    'browser';","            } catch (errorCaughtBrowser) {","                return module.exports &&","                    typeof process.versions.node === 'string' &&","                    typeof require('http').createServer === 'function' &&","                    'node';","            }","        }());","        // init global","        local.global = local.modeJs === 'browser'","            ? window","            : global;","        // init utility2_rollup","        local = local.global.utility2_rollup || (local.modeJs === 'browser'","            ? local.global.utility2_npmtest_private_bower","            : global.utility2_moduleExports);","        // export local","        local.global.local = local;","    }());","    switch (local.modeJs) {","","","","    // init-after","    // run browser js-env code - init-after","    /* istanbul ignore next */","    case 'browser':","        local.testRunBrowser = function (event) {","            if (!event || (event &&","                    event.currentTarget &&","                    event.currentTarget.className &&","                    event.currentTarget.className.includes &&","                    event.currentTarget.className.includes('onreset'))) {","                // reset output","                Array.from(","                    document.querySelectorAll('body > .resettable')","                ).forEach(function (element) {","                    switch (element.tagName) {","                    case 'INPUT':","                    case 'TEXTAREA':","                        element.value = '';","                        break;","                    default:","                        element.textContent = '';","                    }","                });","            }","            switch (event && event.currentTarget && event.currentTarget.id) {","            case 'testRunButton1':","                // show tests","                if (document.querySelector('#testReportDiv1').style.display === 'none') {","                    document.querySelector('#testReportDiv1').style.display = 'block';","                    document.querySelector('#testRunButton1').textContent =","                        'hide internal test';","                    local.modeTest = true;","                    local.testRunDefault(local);","                // hide tests","                } else {","                    document.querySelector('#testReportDiv1').style.display = 'none';","                    document.querySelector('#testRunButton1').textContent = 'run internal test';","                }","                break;","            // custom-case","            default:","                break;","            }","            if (document.querySelector('#inputTextareaEval1') && (!event || (event &&","                    event.currentTarget &&","                    event.currentTarget.className &&","                    event.currentTarget.className.includes &&","                    event.currentTarget.className.includes('oneval')))) {","                // try to eval input-code","                try {","                    /*jslint evil: true*/","                    eval(document.querySelector('#inputTextareaEval1').value);","                } catch (errorCaught) {","                    console.error(errorCaught);","                }","            }","        };","        // log stderr and stdout to #outputTextareaStdout1","        ['error', 'log'].forEach(function (key) {","            console[key + '_original'] = console[key];","            console[key] = function () {","                var element;","                console[key + '_original'].apply(console, arguments);","                element = document.querySelector('#outputTextareaStdout1');","                if (!element) {","                    return;","                }","                // append text to #outputTextareaStdout1","                element.value += Array.from(arguments).map(function (arg) {","                    return typeof arg === 'string'","                        ? arg","                        : JSON.stringify(arg, null, 4);","                }).join(' ') + '\\n';","                // scroll textarea to bottom","                element.scrollTop = element.scrollHeight;","            };","        });","        // init event-handling","        ['change', 'click', 'keyup'].forEach(function (event) {","            Array.from(document.querySelectorAll('.on' + event)).forEach(function (element) {","                element.addEventListener(event, local.testRunBrowser);","            });","        });","        // run tests","        local.testRunBrowser();","        break;","","","","    // run node js-env code - init-after","    /* istanbul ignore next */","    case 'node':","        // export local","        module.exports = local;","        // require modules","        local.fs = require('fs');","        local.http = require('http');","        local.url = require('url');","        // init assets","        local.assetsDict = local.assetsDict || {};","        /* jslint-ignore-begin */","        local.assetsDict['/assets.index.template.html'] = '\\","<!doctype html>\\n\\","<html lang=\"en\">\\n\\","<head>\\n\\","<meta charset=\"UTF-8\">\\n\\","<meta name=\"viewport\" content=\"width=device-width, initial-scale=1\">\\n\\","<title>{{env.npm_package_name}} (v{{env.npm_package_version}})</title>\\n\\","<style>\\n\\","/*csslint\\n\\","    box-sizing: false,\\n\\","    universal-selector: false\\n\\","*/\\n\\","* {\\n\\","    box-sizing: border-box;\\n\\","}\\n\\","body {\\n\\","    background: #dde;\\n\\","    font-family: Arial, Helvetica, sans-serif;\\n\\","    margin: 2rem;\\n\\","}\\n\\","body > * {\\n\\","    margin-bottom: 1rem;\\n\\","}\\n\\",".utility2FooterDiv {\\n\\","    margin-top: 20px;\\n\\","    text-align: center;\\n\\","}\\n\\","</style>\\n\\","<style>\\n\\","/*csslint\\n\\","*/\\n\\","textarea {\\n\\","    font-family: monospace;\\n\\","    height: 10rem;\\n\\","    width: 100%;\\n\\","}\\n\\","textarea[readonly] {\\n\\","    background: #ddd;\\n\\","}\\n\\","</style>\\n\\","</head>\\n\\","<body>\\n\\","<!-- utility2-comment\\n\\","<div id=\"ajaxProgressDiv1\" style=\"background: #d00; height: 2px; left: 0; margin: 0; padding: 0; position: fixed; top: 0; transition: background 0.5s, width 1.5s; width: 25%;\"></div>\\n\\","utility2-comment -->\\n\\","<h1>\\n\\","<!-- utility2-comment\\n\\","    <a\\n\\","        {{#if env.npm_package_homepage}}\\n\\","        href=\"{{env.npm_package_homepage}}\"\\n\\","        {{/if env.npm_package_homepage}}\\n\\","        target=\"_blank\"\\n\\","    >\\n\\","utility2-comment -->\\n\\","        {{env.npm_package_name}} (v{{env.npm_package_version}})\\n\\","<!-- utility2-comment\\n\\","    </a>\\n\\","utility2-comment -->\\n\\","</h1>\\n\\","<h3>{{env.npm_package_description}}</h3>\\n\\","<!-- utility2-comment\\n\\","<h4><a download href=\"assets.app.js\">download standalone app</a></h4>\\n\\","<button class=\"onclick onreset\" id=\"testRunButton1\">run internal test</button><br>\\n\\","<div id=\"testReportDiv1\" style=\"display: none;\"></div>\\n\\","utility2-comment -->\\n\\","\\n\\","\\n\\","\\n\\","<label>stderr and stdout</label>\\n\\","<textarea class=\"resettable\" id=\"outputTextareaStdout1\" readonly></textarea>\\n\\","<!-- utility2-comment\\n\\","{{#if isRollup}}\\n\\","<script src=\"assets.app.js\"></script>\\n\\","{{#unless isRollup}}\\n\\","utility2-comment -->\\n\\","<script src=\"assets.utility2.rollup.js\"></script>\\n\\","<script src=\"jsonp.utility2._stateInit?callback=window.utility2._stateInit\"></script>\\n\\","<script src=\"assets.npmtest_private_bower.rollup.js\"></script>\\n\\","<script src=\"assets.example.js\"></script>\\n\\","<script src=\"assets.test.js\"></script>\\n\\","<!-- utility2-comment\\n\\","{{/if isRollup}}\\n\\","utility2-comment -->\\n\\","<div class=\"utility2FooterDiv\">\\n\\","    [ this app was created with\\n\\","    <a href=\"https://github.com/kaizhu256/node-utility2\" target=\"_blank\">utility2</a>\\n\\","    ]\\n\\","</div>\\n\\","</body>\\n\\","</html>\\n\\","';","        /* jslint-ignore-end */","        if (local.templateRender) {","            local.assetsDict['/'] = local.templateRender(","                local.assetsDict['/assets.index.template.html'],","                {","                    env: local.objectSetDefault(local.env, {","                        npm_package_description: 'the greatest app in the world!',","                        npm_package_name: 'my-app',","                        npm_package_nameAlias: 'my_app',","                        npm_package_version: '0.0.1'","                    })","                }","            );","        } else {","            local.assetsDict['/'] = local.assetsDict['/assets.index.template.html']","                .replace((/\\{\\{env\\.(\\w+?)\\}\\}/g), function (match0, match1) {","                    // jslint-hack","                    String(match0);","                    switch (match1) {","                    case 'npm_package_description':","                        return 'the greatest app in the world!';","                    case 'npm_package_name':","                        return 'my-app';","                    case 'npm_package_nameAlias':","                        return 'my_app';","                    case 'npm_package_version':","                        return '0.0.1';","                    }","                });","        }","        // run the cli","        if (local.global.utility2_rollup || module !== require.main) {","            break;","        }","        local.assetsDict['/assets.example.js'] =","            local.assetsDict['/assets.example.js'] ||","            local.fs.readFileSync(__filename, 'utf8');","        // bug-workaround - long $npm_package_buildCustomOrg","        /* jslint-ignore-begin */","        local.assetsDict['/assets.npmtest_private_bower.rollup.js'] =","            local.assetsDict['/assets.npmtest_private_bower.rollup.js'] ||","            local.fs.readFileSync(","                local.npmtest_private_bower.__dirname + '/lib.npmtest_private_bower.js',","                'utf8'","            ).replace((/^#!/), '//');","        /* jslint-ignore-end */","        local.assetsDict['/favicon.ico'] = local.assetsDict['/favicon.ico'] || '';","        // if $npm_config_timeout_exit exists,","        // then exit this process after $npm_config_timeout_exit ms","        if (Number(process.env.npm_config_timeout_exit)) {","            setTimeout(process.exit, Number(process.env.npm_config_timeout_exit));","        }","        // start server","        if (local.global.utility2_serverHttp1) {","            break;","        }","        process.env.PORT = process.env.PORT || '8081';","        console.error('server starting on port ' + process.env.PORT);","        local.http.createServer(function (request, response) {","            request.urlParsed = local.url.parse(request.url);","            if (local.assetsDict[request.urlParsed.pathname] !== undefined) {","                response.end(local.assetsDict[request.urlParsed.pathname]);","                return;","            }","            response.statusCode = 404;","            response.end();","        }).listen(process.env.PORT);","        break;","    }","}());",""],"l":{"26":2,"28":2,"33":2,"35":2,"37":2,"38":2,"39":2,"44":1,"51":2,"55":2,"59":2,"61":2,"69":1,"70":2,"76":2,"79":2,"82":2,"83":2,"85":1,"89":2,"92":1,"93":1,"94":1,"96":1,"97":1,"100":1,"101":1,"103":1,"106":1,"108":2,"114":1,"116":1,"118":1,"123":1,"124":2,"125":2,"126":3,"127":3,"128":3,"129":3,"130":1,"133":3,"134":3,"139":3,"143":1,"144":3,"145":1,"149":1,"150":1,"158":1,"160":1,"161":1,"162":1,"164":1,"166":1,"258":1,"259":1,"271":1,"274":6,"275":6,"277":1,"279":2,"281":1,"283":2,"288":1,"289":1,"291":1,"296":1,"303":1,"306":1,"307":1,"310":1,"311":1,"313":1,"314":1,"315":1,"316":1,"317":1,"318":1,"319":1,"321":1,"322":1,"324":1}},"/home/travis/build/npmtest/node-npmtest-private-bower/node_modules/private-bower/bin/private-bower":{"path":"/home/travis/build/npmtest/node-npmtest-private-bower/node_modules/private-bower/bin/private-bower","s":{"1":4},"b":{},"f":{},"fnMap":{},"statementMap":{"1":{"start":{"line":3,"column":0},"end":{"line":3,"column":33}}},"branchMap":{},"code":["//#!/usr/bin/env node","","require('../lib/main')().start();"],"l":{"3":4}},"/home/travis/build/npmtest/node-npmtest-private-bower/node_modules/private-bower/lib/main.js":{"path":"/home/travis/build/npmtest/node-npmtest-private-bower/node_modules/private-bower/lib/main.js","s":{"1":6,"2":6,"3":6,"4":6,"5":0,"6":0,"7":0,"8":0,"9":0,"10":0,"11":0,"12":1,"13":0,"14":0,"15":0,"16":0,"17":0,"18":0,"19":0,"20":0,"21":0,"22":0,"23":0,"24":0,"25":0,"26":0,"27":0,"28":0,"29":1,"30":0,"31":0,"32":0,"33":0,"34":0,"35":1,"36":0,"37":0,"38":0,"39":0,"40":0,"41":0,"42":0,"43":0,"44":0,"45":0,"46":0,"47":0,"48":1,"49":0,"50":0,"51":0,"52":1,"53":0,"54":1,"55":0,"56":0,"57":0,"58":0},"b":{"1":[0,0],"2":[0,0],"3":[0,0],"4":[0,0,0],"5":[0,0],"6":[0,0],"7":[0,0],"8":[0,0],"9":[0,0],"10":[0,0]},"f":{"1":0,"2":0,"3":0,"4":0,"5":0,"6":0,"7":0,"8":0,"9":0,"10":0},"fnMap":{"1":{"name":"Main","line":12,"loc":{"start":{"line":12,"column":17},"end":{"line":12,"column":33}}},"2":{"name":"_start","line":15,"loc":{"start":{"line":15,"column":4},"end":{"line":15,"column":32}}},"3":{"name":"_initializePackageStores","line":44,"loc":{"start":{"line":44,"column":4},"end":{"line":44,"column":40}}},"4":{"name":"_initializeService","line":56,"loc":{"start":{"line":56,"column":4},"end":{"line":56,"column":34}}},"5":{"name":"redirectToBaseUrl","line":67,"loc":{"start":{"line":67,"column":52},"end":{"line":67,"column":95}}},"6":{"name":"errorHandler","line":72,"loc":{"start":{"line":72,"column":34},"end":{"line":72,"column":77}}},"7":{"name":"_handleErrors","line":82,"loc":{"start":{"line":82,"column":4},"end":{"line":82,"column":29}}},"8":{"name":"(anonymous_8)","line":83,"loc":{"start":{"line":83,"column":46},"end":{"line":83,"column":60}}},"9":{"name":"_handleShutDown","line":90,"loc":{"start":{"line":90,"column":4},"end":{"line":90,"column":31}}},"10":{"name":"_shutDown","line":94,"loc":{"start":{"line":94,"column":4},"end":{"line":94,"column":40}}}},"statementMap":{"1":{"start":{"line":1,"column":0},"end":{"line":1,"column":27}},"2":{"start":{"line":2,"column":0},"end":{"line":2,"column":33}},"3":{"start":{"line":3,"column":0},"end":{"line":3,"column":48}},"4":{"start":{"line":4,"column":0},"end":{"line":4,"column":36}},"5":{"start":{"line":5,"column":0},"end":{"line":5,"column":40}},"6":{"start":{"line":7,"column":0},"end":{"line":7,"column":46}},"7":{"start":{"line":8,"column":0},"end":{"line":8,"column":43}},"8":{"start":{"line":9,"column":0},"end":{"line":9,"column":76}},"9":{"start":{"line":10,"column":0},"end":{"line":10,"column":49}},"10":{"start":{"line":12,"column":0},"end":{"line":106,"column":2}},"11":{"start":{"line":13,"column":4},"end":{"line":13,"column":16}},"12":{"start":{"line":15,"column":4},"end":{"line":42,"column":5}},"13":{"start":{"line":16,"column":8},"end":{"line":20,"column":9}},"14":{"start":{"line":17,"column":12},"end":{"line":17,"column":29}},"15":{"start":{"line":19,"column":12},"end":{"line":19,"column":33}},"16":{"start":{"line":21,"column":8},"end":{"line":24,"column":9}},"17":{"start":{"line":22,"column":12},"end":{"line":22,"column":33}},"18":{"start":{"line":23,"column":12},"end":{"line":23,"column":33}},"19":{"start":{"line":26,"column":8},"end":{"line":26,"column":24}},"20":{"start":{"line":27,"column":8},"end":{"line":27,"column":26}},"21":{"start":{"line":29,"column":8},"end":{"line":29,"column":34}},"22":{"start":{"line":31,"column":8},"end":{"line":31,"column":79}},"23":{"start":{"line":32,"column":8},"end":{"line":32,"column":95}},"24":{"start":{"line":34,"column":8},"end":{"line":34,"column":46}},"25":{"start":{"line":36,"column":8},"end":{"line":36,"column":81}},"26":{"start":{"line":38,"column":8},"end":{"line":38,"column":35}},"27":{"start":{"line":39,"column":8},"end":{"line":39,"column":29}},"28":{"start":{"line":41,"column":8},"end":{"line":41,"column":51}},"29":{"start":{"line":44,"column":4},"end":{"line":54,"column":5}},"30":{"start":{"line":45,"column":8},"end":{"line":45,"column":67}},"31":{"start":{"line":47,"column":8},"end":{"line":49,"column":9}},"32":{"start":{"line":48,"column":12},"end":{"line":48,"column":50}},"33":{"start":{"line":51,"column":8},"end":{"line":53,"column":9}},"34":{"start":{"line":52,"column":12},"end":{"line":52,"column":77}},"35":{"start":{"line":56,"column":4},"end":{"line":80,"column":5}},"36":{"start":{"line":57,"column":8},"end":{"line":59,"column":12}},"37":{"start":{"line":60,"column":8},"end":{"line":60,"column":53}},"38":{"start":{"line":62,"column":8},"end":{"line":62,"column":69}},"39":{"start":{"line":64,"column":8},"end":{"line":64,"column":81}},"40":{"start":{"line":66,"column":8},"end":{"line":70,"column":9}},"41":{"start":{"line":67,"column":12},"end":{"line":69,"column":15}},"42":{"start":{"line":68,"column":16},"end":{"line":68,"column":57}},"43":{"start":{"line":72,"column":8},"end":{"line":77,"column":11}},"44":{"start":{"line":73,"column":12},"end":{"line":73,"column":30}},"45":{"start":{"line":74,"column":12},"end":{"line":74,"column":36}},"46":{"start":{"line":76,"column":12},"end":{"line":76,"column":62}},"47":{"start":{"line":79,"column":8},"end":{"line":79,"column":73}},"48":{"start":{"line":82,"column":4},"end":{"line":88,"column":5}},"49":{"start":{"line":83,"column":8},"end":{"line":87,"column":11}},"50":{"start":{"line":84,"column":12},"end":{"line":84,"column":74}},"51":{"start":{"line":86,"column":12},"end":{"line":86,"column":24}},"52":{"start":{"line":90,"column":4},"end":{"line":92,"column":5}},"53":{"start":{"line":91,"column":8},"end":{"line":91,"column":46}},"54":{"start":{"line":94,"column":4},"end":{"line":100,"column":5}},"55":{"start":{"line":95,"column":8},"end":{"line":95,"column":31}},"56":{"start":{"line":97,"column":8},"end":{"line":99,"column":9}},"57":{"start":{"line":98,"column":12},"end":{"line":98,"column":33}},"58":{"start":{"line":102,"column":4},"end":{"line":105,"column":6}}},"branchMap":{"1":{"line":16,"type":"if","locations":[{"start":{"line":16,"column":8},"end":{"line":16,"column":8}},{"start":{"line":16,"column":8},"end":{"line":16,"column":8}}]},"2":{"line":16,"type":"binary-expr","locations":[{"start":{"line":16,"column":11},"end":{"line":16,"column":17}},{"start":{"line":16,"column":21},"end":{"line":16,"column":30}}]},"3":{"line":21,"type":"if","locations":[{"start":{"line":21,"column":8},"end":{"line":21,"column":8}},{"start":{"line":21,"column":8},"end":{"line":21,"column":8}}]},"4":{"line":32,"type":"binary-expr","locations":[{"start":{"line":32,"column":47},"end":{"line":32,"column":57}},{"start":{"line":32,"column":61},"end":{"line":32,"column":72}},{"start":{"line":32,"column":76},"end":{"line":32,"column":93}}]},"5":{"line":47,"type":"if","locations":[{"start":{"line":47,"column":8},"end":{"line":47,"column":8}},{"start":{"line":47,"column":8},"end":{"line":47,"column":8}}]},"6":{"line":51,"type":"if","locations":[{"start":{"line":51,"column":8},"end":{"line":51,"column":8}},{"start":{"line":51,"column":8},"end":{"line":51,"column":8}}]},"7":{"line":51,"type":"binary-expr","locations":[{"start":{"line":51,"column":11},"end":{"line":51,"column":34}},{"start":{"line":51,"column":38},"end":{"line":51,"column":69}}]},"8":{"line":66,"type":"if","locations":[{"start":{"line":66,"column":8},"end":{"line":66,"column":8}},{"start":{"line":66,"column":8},"end":{"line":66,"column":8}}]},"9":{"line":84,"type":"binary-expr","locations":[{"start":{"line":84,"column":47},"end":{"line":84,"column":56}},{"start":{"line":84,"column":60},"end":{"line":84,"column":71}}]},"10":{"line":97,"type":"if","locations":[{"start":{"line":97,"column":8},"end":{"line":97,"column":8}},{"start":{"line":97,"column":8},"end":{"line":97,"column":8}}]}},"code":["var path = require('path');","var Express = require('express');","var logger = require('./infrastructure/logger');","var argv = require('optimist').argv;","var bodyParser = require('body-parser');","","var utils = require('./infrastructure/utils');","var application = require('./application');","var configurationManager = require('./infrastructure/configurationManager');","var version = require('../package.json').version;","","module.exports = function Main() {","    var _config;","    ","    function _start(configPath) {","        if(argv.h || argv.help) {","            logger.logHelp();","","            utils.process.exit();","        }","        if (argv.version) {","            console.log(version);","            utils.process.exit();","        }","","        _handleErrors();","        _handleShutDown();","","        var serverApp = Express();","        ","        var defaultConfigPath = path.join(utils.dirname, '../bower.conf.json');","        configurationManager.loadConfiguration(configPath || argv.config || defaultConfigPath);","        ","        _config = configurationManager.config;","        ","        application.setup(serverApp, Express.static, _config.server.siteBaseURL);","        ","        _initializePackageStores();","        _initializeService();","","        logger.log('private-bower server started');","    }","","    function _initializePackageStores() {","        application.startPrivatePackageStore(_config.registryFile);","","        if(!_config.public.disabled) {","            application.startPublicPackageStore();","        }","","        if(_config.repositoryCache && _config.repositoryCache.enabled) {","            application.startPublicRepositoryCache(_config.repoCacheOptions);","        }","    }","","    function _initializeService() {","        application.addMiddleware(bodyParser.urlencoded({","            extended: true","        }));","        application.addMiddleware(bodyParser.json());","","        application.serveStatic(path.join(utils.dirname, '../site'));","","        application.loadControllers(path.join(utils.dirname, 'api/controllers'));","","        if (_config.server.siteBaseURL) {","            application.addMiddlewareWithMount('/', function redirectToBaseUrl(req, res, next) {","                res.redirect(_config.server.siteBaseURL);","            });","        }","","        application.addMiddleware(function errorHandler(err, req, res, next) {","            logger.error(err);","            logger.error(err.stack);","","            res.status(500).send('Something wen\\'t wrong :(');","        });","","        application.listen(_config.server.port, _config.server.hostName);","    }","","    function _handleErrors() {","        utils.process.on('uncaughtException', function(err) {","            logger.log('Exception message:' + (err.stack || err.message));","","            _shutDown();","        });","    }","","    function _handleShutDown() {","        utils.process.on('SIGINT', _shutDown);","    }","","    function _shutDown(skipProcessExit) {","        application.shutDown();","","        if(!skipProcessExit) {","            utils.process.exit();","        }","    }","    ","    return {","        start: _start,","        shutDown: _shutDown","    };","};"],"l":{"1":6,"2":6,"3":6,"4":6,"5":0,"7":0,"8":0,"9":0,"10":0,"12":0,"13":0,"15":1,"16":0,"17":0,"19":0,"21":0,"22":0,"23":0,"26":0,"27":0,"29":0,"31":0,"32":0,"34":0,"36":0,"38":0,"39":0,"41":0,"44":1,"45":0,"47":0,"48":0,"51":0,"52":0,"56":1,"57":0,"60":0,"62":0,"64":0,"66":0,"67":0,"68":0,"72":0,"73":0,"74":0,"76":0,"79":0,"82":1,"83":0,"84":0,"86":0,"90":1,"91":0,"94":1,"95":0,"97":0,"98":0,"102":0}},"/home/travis/build/npmtest/node-npmtest-private-bower/node_modules/private-bower/lib/infrastructure/logger.js":{"path":"/home/travis/build/npmtest/node-npmtest-private-bower/node_modules/private-bower/lib/infrastructure/logger.js","s":{"1":1,"2":1,"3":1,"4":1,"5":0,"6":0,"7":1,"8":0,"9":0,"10":1,"11":0,"12":1},"b":{},"f":{"1":1,"2":0,"3":0,"4":0},"fnMap":{"1":{"name":"(anonymous_1)","line":5,"loc":{"start":{"line":5,"column":17},"end":{"line":5,"column":28}}},"2":{"name":"_log","line":6,"loc":{"start":{"line":6,"column":4},"end":{"line":6,"column":24}}},"3":{"name":"_error","line":12,"loc":{"start":{"line":12,"column":4},"end":{"line":12,"column":37}}},"4":{"name":"_logHelp","line":18,"loc":{"start":{"line":18,"column":4},"end":{"line":18,"column":24}}}},"statementMap":{"1":{"start":{"line":1,"column":0},"end":{"line":1,"column":18}},"2":{"start":{"line":3,"column":0},"end":{"line":3,"column":31}},"3":{"start":{"line":5,"column":0},"end":{"line":39,"column":4}},"4":{"start":{"line":6,"column":4},"end":{"line":10,"column":5}},"5":{"start":{"line":7,"column":8},"end":{"line":7,"column":59}},"6":{"start":{"line":9,"column":8},"end":{"line":9,"column":65}},"7":{"start":{"line":12,"column":4},"end":{"line":16,"column":5}},"8":{"start":{"line":13,"column":8},"end":{"line":13,"column":23}},"9":{"start":{"line":15,"column":8},"end":{"line":15,"column":31}},"10":{"start":{"line":18,"column":4},"end":{"line":31,"column":5}},"11":{"start":{"line":19,"column":8},"end":{"line":30,"column":22}},"12":{"start":{"line":33,"column":4},"end":{"line":38,"column":6}}},"branchMap":{},"code":["require('colors');","","var moment = require('moment');","","module.exports = function() {","    function _log(text) {","        var timeStamp = moment().format('D/M/YY HH:mm:ss');","","        console.log('[bower] '.green, timeStamp.cyan, ' ', text);","    }","","    function _error(text, exception) {","        _log(text.red);","","        console.log(exception);","    }","","    function _logHelp() {","        console.log([","        '              _          _           _',","        '     _ __ _ _(_)_ ____ _| |_ ___ ___| |__  _____ __ _____ _ _',","        '    | \\'_ \\\\ \\'_| \\\\ V / _` |  _/ -_)___| \\'_ \\\\/ _ \\\\ V  V / -_) \\'_|',","        '    | .__/_| |_|\\\\_/\\\\__,_|\\\\__\\\\___|   |_.__/\\\\___/\\\\_/\\\\_/\\\\___|_|',","        '    |_|',","        'usage: private-bower [options]',","            '',","            'options:',","            '  --h --help          Print this list and exit.',","            '  --config            Path to the config file (Must be a valid json)'","        ].join('\\n'));","    }","","    return {","        log: _log,","        error: _error,","","        logHelp: _logHelp","    };","}();",""],"l":{"1":1,"3":1,"5":1,"6":1,"7":0,"9":0,"12":1,"13":0,"15":0,"18":1,"19":0,"33":1}},"/home/travis/build/npmtest/node-npmtest-private-bower/node_modules/private-bower/gulpfile.js":{"path":"/home/travis/build/npmtest/node-npmtest-private-bower/node_modules/private-bower/gulpfile.js","s":{"1":2,"2":0,"3":0,"4":0,"5":0,"6":0,"7":0,"8":0,"9":0,"10":0,"11":0},"b":{},"f":{"1":0,"2":0,"3":0},"fnMap":{"1":{"name":"(anonymous_1)","line":5,"loc":{"start":{"line":5,"column":18},"end":{"line":5,"column":37}}},"2":{"name":"(anonymous_2)","line":9,"loc":{"start":{"line":9,"column":23},"end":{"line":9,"column":35}}},"3":{"name":"(anonymous_3)","line":18,"loc":{"start":{"line":18,"column":26},"end":{"line":18,"column":37}}}},"statementMap":{"1":{"start":{"line":1,"column":0},"end":{"line":1,"column":27}},"2":{"start":{"line":2,"column":0},"end":{"line":2,"column":34}},"3":{"start":{"line":3,"column":0},"end":{"line":3,"column":42}},"4":{"start":{"line":5,"column":0},"end":{"line":7,"column":3}},"5":{"start":{"line":6,"column":4},"end":{"line":6,"column":55}},"6":{"start":{"line":9,"column":0},"end":{"line":16,"column":3}},"7":{"start":{"line":10,"column":4},"end":{"line":12,"column":6}},"8":{"start":{"line":14,"column":4},"end":{"line":15,"column":41}},"9":{"start":{"line":18,"column":0},"end":{"line":31,"column":3}},"10":{"start":{"line":19,"column":4},"end":{"line":24,"column":6}},"11":{"start":{"line":26,"column":4},"end":{"line":30,"column":12}}},"branchMap":{},"code":["var gulp = require('gulp');","var mocha = require('gulp-mocha');","var runSequence = require('run-sequence');","","gulp.task('test', function(callback) {","    runSequence('unit-test', 'feature-test', callback);","});","","gulp.task('unit-test', function () {","    var files = [","        'lib/**/*.js'","    ];","    ","    return gulp.src(files, {read: false})","        .pipe(mocha({reporter: 'nyan'}));","});","","gulp.task('feature-test', function() {","    var files = [","        'lib/**/*.js',","        '!lib/**/*.spec.js',","        'features/**/*.js',","        '!features/sandbox/**/*.js'","    ];","","    return gulp.src(files, {read: false})","        .pipe(mocha({","            timeout: 6000,","            reporter: 'nyan'","        }));","});"],"l":{"1":2,"2":0,"3":0,"5":0,"6":0,"9":0,"10":0,"14":0,"18":0,"19":0,"26":0}},"/home/travis/build/npmtest/node-npmtest-private-bower/node_modules/private-bower/lib/application.js":{"path":"/home/travis/build/npmtest/node-npmtest-private-bower/node_modules/private-bower/lib/application.js","s":{"1":1,"2":1,"3":1,"4":1,"5":1,"6":1,"7":1,"8":1,"9":1,"10":1,"11":1,"12":1,"13":1,"14":1,"15":1,"16":0,"17":0,"18":0,"19":1,"20":0,"21":1,"22":0,"23":1,"24":0,"25":1,"26":0,"27":1,"28":0,"29":1,"30":0,"31":0,"32":0,"33":1,"34":0,"35":1,"36":0,"37":1,"38":0,"39":0,"40":1,"41":0,"42":0,"43":0,"44":0,"45":0,"46":0,"47":1,"48":0,"49":0,"50":0,"51":0,"52":1},"b":{"1":[0,0],"2":[0,0],"3":[0,0]},"f":{"1":1,"2":0,"3":0,"4":0,"5":0,"6":0,"7":0,"8":0,"9":0,"10":0,"11":0,"12":0,"13":0},"fnMap":{"1":{"name":"Application","line":10,"loc":{"start":{"line":10,"column":17},"end":{"line":10,"column":40}}},"2":{"name":"_setup","line":17,"loc":{"start":{"line":17,"column":4},"end":{"line":17,"column":59}}},"3":{"name":"_startPrivatePackageStore","line":23,"loc":{"start":{"line":23,"column":4},"end":{"line":23,"column":53}}},"4":{"name":"_startPublicPackageStore","line":29,"loc":{"start":{"line":29,"column":4},"end":{"line":29,"column":40}}},"5":{"name":"_startPublicRepositoryCache","line":33,"loc":{"start":{"line":33,"column":4},"end":{"line":33,"column":59}}},"6":{"name":"_listen","line":37,"loc":{"start":{"line":37,"column":4},"end":{"line":37,"column":37}}},"7":{"name":"_serveStatic","line":41,"loc":{"start":{"line":41,"column":4},"end":{"line":41,"column":38}}},"8":{"name":"_addMiddleware","line":45,"loc":{"start":{"line":45,"column":4},"end":{"line":45,"column":40}}},"9":{"name":"_addMiddlewareWithMount","line":54,"loc":{"start":{"line":54,"column":4},"end":{"line":54,"column":55}}},"10":{"name":"_loadControllers","line":58,"loc":{"start":{"line":58,"column":4},"end":{"line":58,"column":47}}},"11":{"name":"loadControllerAtByName","line":61,"loc":{"start":{"line":61,"column":8},"end":{"line":61,"column":56}}},"12":{"name":"_shutDown","line":67,"loc":{"start":{"line":67,"column":4},"end":{"line":67,"column":25}}},"13":{"name":"_restart","line":80,"loc":{"start":{"line":80,"column":4},"end":{"line":80,"column":24}}}},"statementMap":{"1":{"start":{"line":1,"column":0},"end":{"line":1,"column":23}},"2":{"start":{"line":2,"column":0},"end":{"line":2,"column":27}},"3":{"start":{"line":3,"column":0},"end":{"line":3,"column":46}},"4":{"start":{"line":4,"column":0},"end":{"line":4,"column":48}},"5":{"start":{"line":5,"column":0},"end":{"line":5,"column":81}},"6":{"start":{"line":6,"column":0},"end":{"line":6,"column":72}},"7":{"start":{"line":7,"column":0},"end":{"line":7,"column":79}},"8":{"start":{"line":8,"column":0},"end":{"line":8,"column":76}},"9":{"start":{"line":10,"column":0},"end":{"line":106,"column":4}},"10":{"start":{"line":11,"column":4},"end":{"line":11,"column":19}},"11":{"start":{"line":12,"column":4},"end":{"line":12,"column":23}},"12":{"start":{"line":13,"column":4},"end":{"line":13,"column":26}},"13":{"start":{"line":14,"column":4},"end":{"line":14,"column":25}},"14":{"start":{"line":15,"column":4},"end":{"line":15,"column":21}},"15":{"start":{"line":17,"column":4},"end":{"line":21,"column":5}},"16":{"start":{"line":18,"column":8},"end":{"line":18,"column":31}},"17":{"start":{"line":19,"column":8},"end":{"line":19,"column":39}},"18":{"start":{"line":20,"column":8},"end":{"line":20,"column":35}},"19":{"start":{"line":23,"column":4},"end":{"line":27,"column":5}},"20":{"start":{"line":24,"column":8},"end":{"line":26,"column":11}},"21":{"start":{"line":29,"column":4},"end":{"line":31,"column":5}},"22":{"start":{"line":30,"column":8},"end":{"line":30,"column":42}},"23":{"start":{"line":33,"column":4},"end":{"line":35,"column":5}},"24":{"start":{"line":34,"column":8},"end":{"line":34,"column":49}},"25":{"start":{"line":37,"column":4},"end":{"line":39,"column":5}},"26":{"start":{"line":38,"column":8},"end":{"line":38,"column":61}},"27":{"start":{"line":41,"column":4},"end":{"line":43,"column":5}},"28":{"start":{"line":42,"column":8},"end":{"line":42,"column":51}},"29":{"start":{"line":45,"column":4},"end":{"line":52,"column":5}},"30":{"start":{"line":46,"column":8},"end":{"line":51,"column":9}},"31":{"start":{"line":47,"column":12},"end":{"line":47,"column":53}},"32":{"start":{"line":50,"column":12},"end":{"line":50,"column":39}},"33":{"start":{"line":54,"column":4},"end":{"line":56,"column":5}},"34":{"start":{"line":55,"column":8},"end":{"line":55,"column":42}},"35":{"start":{"line":58,"column":4},"end":{"line":65,"column":5}},"36":{"start":{"line":59,"column":8},"end":{"line":59,"column":72}},"37":{"start":{"line":61,"column":8},"end":{"line":64,"column":9}},"38":{"start":{"line":62,"column":12},"end":{"line":62,"column":81}},"39":{"start":{"line":63,"column":12},"end":{"line":63,"column":54}},"40":{"start":{"line":67,"column":4},"end":{"line":78,"column":5}},"41":{"start":{"line":68,"column":8},"end":{"line":68,"column":50}},"42":{"start":{"line":69,"column":8},"end":{"line":71,"column":9}},"43":{"start":{"line":70,"column":12},"end":{"line":70,"column":37}},"44":{"start":{"line":73,"column":8},"end":{"line":73,"column":38}},"45":{"start":{"line":75,"column":8},"end":{"line":77,"column":9}},"46":{"start":{"line":76,"column":12},"end":{"line":76,"column":41}},"47":{"start":{"line":80,"column":4},"end":{"line":88,"column":5}},"48":{"start":{"line":81,"column":8},"end":{"line":81,"column":55}},"49":{"start":{"line":83,"column":8},"end":{"line":83,"column":20}},"50":{"start":{"line":85,"column":8},"end":{"line":85,"column":101}},"51":{"start":{"line":87,"column":8},"end":{"line":87,"column":105}},"52":{"start":{"line":90,"column":4},"end":{"line":105,"column":6}}},"branchMap":{"1":{"line":46,"type":"if","locations":[{"start":{"line":46,"column":8},"end":{"line":46,"column":8}},{"start":{"line":46,"column":8},"end":{"line":46,"column":8}}]},"2":{"line":69,"type":"if","locations":[{"start":{"line":69,"column":8},"end":{"line":69,"column":8}},{"start":{"line":69,"column":8},"end":{"line":69,"column":8}}]},"3":{"line":75,"type":"if","locations":[{"start":{"line":75,"column":8},"end":{"line":75,"column":8}},{"start":{"line":75,"column":8},"end":{"line":75,"column":8}}]}},"code":["var fs = require('fs');","var path = require('path');","var utils = require('./infrastructure/utils');","var logger = require('./infrastructure/logger');","var privatePackageStore = require('./service/packageStores/privatePackageStore');","var repoCacheHandler = require('./service/repoCaches/repoCacheHandler');","var publicPackageStore = require('./service/packageStores/publicPackageStore');","var configurationManager = require('./infrastructure/configurationManager');","","module.exports = function Application() {","    var _serverApp;","    var _staticHandler;","    var _repoCacheHandler;","    var _listeningServer;","    var _siteBaseUrl;","","    function _setup(serverApp, staticHandler, siteBaseUrl) {","        _serverApp = serverApp;","        _staticHandler = staticHandler;","        _siteBaseUrl = siteBaseUrl;","    }","","    function _startPrivatePackageStore(registryFile) {","        privatePackageStore.start({","            persistFilePath: registryFile","        });","    }","    ","    function _startPublicPackageStore() {","        return publicPackageStore.start();","    }","    ","    function _startPublicRepositoryCache(repoCacheOptions) {","        repoCacheHandler.start(repoCacheOptions);","    }","    ","    function _listen(port, hostName) {","        _listeningServer = _serverApp.listen(port, hostName);","    }","    ","    function _serveStatic(staticPath) {","        _addMiddleware(_staticHandler(staticPath));","    }","","    function _addMiddleware(middleware) {","        if (_siteBaseUrl) {","            _serverApp.use(_siteBaseUrl, middleware);","        }","        else {","            _serverApp.use(middleware);","        }","    }","","    function _addMiddlewareWithMount(route,middleware) {","        _serverApp.use(route, middleware);","    }","","    function _loadControllers(controllersRoot) {","        fs.readdirSync(controllersRoot).forEach(loadControllerAtByName);","        ","        function loadControllerAtByName(controllerPath) {","            var controller = require(path.join(controllersRoot, controllerPath));","            controller.bind(_serverApp, _siteBaseUrl);","        }","    }","","    function _shutDown() {","        logger.log('Shutting down private-bower');","        if(_listeningServer){","            _listeningServer.close();","        }","        ","        publicPackageStore.shutDown();","","        if(_repoCacheHandler) {","            _repoCacheHandler.shutDown();","        }","    }","","    function _restart() {","        logger.log('Shutting down server for restart');","","        _shutDown();","","        logger.log('Restarting private-bower with config set to ' + configurationManager.configPath);","","        utils.startDetachedChildProcess('private-bower', ['--config',  configurationManager.configPath]);","    }","    ","    return {","        setup: _setup,","        restart: _restart,","","        listen: _listen,","        addMiddleware: _addMiddleware,","        addMiddlewareWithMount: _addMiddlewareWithMount,","        loadControllers: _loadControllers,","        serveStatic: _serveStatic,","","        shutDown: _shutDown,","        ","        startPrivatePackageStore: _startPrivatePackageStore,","        startPublicPackageStore: _startPublicPackageStore,","        startPublicRepositoryCache: _startPublicRepositoryCache","    };","}();"],"l":{"1":1,"2":1,"3":1,"4":1,"5":1,"6":1,"7":1,"8":1,"10":1,"11":1,"12":1,"13":1,"14":1,"15":1,"17":1,"18":0,"19":0,"20":0,"23":1,"24":0,"29":1,"30":0,"33":1,"34":0,"37":1,"38":0,"41":1,"42":0,"45":1,"46":0,"47":0,"50":0,"54":1,"55":0,"58":1,"59":0,"61":1,"62":0,"63":0,"67":1,"68":0,"69":0,"70":0,"73":0,"75":0,"76":0,"80":1,"81":0,"83":0,"85":0,"87":0,"90":1}},"/home/travis/build/npmtest/node-npmtest-private-bower/node_modules/private-bower/lib/infrastructure/utils.js":{"path":"/home/travis/build/npmtest/node-npmtest-private-bower/node_modules/private-bower/lib/infrastructure/utils.js","s":{"1":1,"2":1,"3":1,"4":1,"5":1,"6":1,"7":1,"8":1,"9":1,"10":1,"11":1,"12":1,"13":0,"14":0,"15":0,"16":1,"17":0,"18":0,"19":1,"20":0,"21":0,"22":0,"23":1,"24":0,"25":0,"26":0,"27":0,"28":0,"29":0,"30":0,"31":0,"32":1,"33":0,"34":0,"35":0,"36":0,"37":0,"38":0,"39":1,"40":0,"41":0,"42":0,"43":0,"44":1,"45":0,"46":0,"47":0,"48":0,"49":1,"50":0,"51":0,"52":0,"53":0,"54":1,"55":0,"56":1},"b":{"1":[1,1],"2":[1,0],"3":[0,0],"4":[0,0],"5":[0,0],"6":[0,0],"7":[0,0]},"f":{"1":1,"2":1,"3":1,"4":0,"5":0,"6":0,"7":0,"8":0,"9":0,"10":0,"11":0,"12":0,"13":0,"14":0,"15":0,"16":0,"17":0,"18":0},"fnMap":{"1":{"name":"Utils","line":8,"loc":{"start":{"line":8,"column":17},"end":{"line":8,"column":34}}},"2":{"name":"_init","line":10,"loc":{"start":{"line":10,"column":4},"end":{"line":10,"column":21}}},"3":{"name":"initExtensions","line":13,"loc":{"start":{"line":13,"column":8},"end":{"line":13,"column":34}}},"4":{"name":"format","line":14,"loc":{"start":{"line":14,"column":65},"end":{"line":14,"column":83}}},"5":{"name":"(anonymous_5)","line":17,"loc":{"start":{"line":17,"column":50},"end":{"line":17,"column":67}}},"6":{"name":"startsWith","line":22,"loc":{"start":{"line":22,"column":73},"end":{"line":22,"column":117}}},"7":{"name":"_getChildDirectories","line":30,"loc":{"start":{"line":30,"column":4},"end":{"line":30,"column":45}}},"8":{"name":"(anonymous_8)","line":31,"loc":{"start":{"line":31,"column":48},"end":{"line":31,"column":63}}},"9":{"name":"_removeDirectory","line":38,"loc":{"start":{"line":38,"column":4},"end":{"line":38,"column":39}}},"10":{"name":"(anonymous_10)","line":43,"loc":{"start":{"line":43,"column":40},"end":{"line":43,"column":55}}},"11":{"name":"_exec","line":57,"loc":{"start":{"line":57,"column":4},"end":{"line":57,"column":33}}},"12":{"name":"(anonymous_12)","line":58,"loc":{"start":{"line":58,"column":27},"end":{"line":58,"column":53}}},"13":{"name":"(anonymous_13)","line":59,"loc":{"start":{"line":59,"column":38},"end":{"line":59,"column":70}}},"14":{"name":"_extend","line":72,"loc":{"start":{"line":72,"column":4},"end":{"line":72,"column":34}}},"15":{"name":"(anonymous_15)","line":75,"loc":{"start":{"line":75,"column":21},"end":{"line":75,"column":38}}},"16":{"name":"extendObject","line":81,"loc":{"start":{"line":81,"column":8},"end":{"line":81,"column":41}}},"17":{"name":"_startDetachedChildProcess","line":92,"loc":{"start":{"line":92,"column":4},"end":{"line":92,"column":55}}},"18":{"name":"_getRandomString","line":103,"loc":{"start":{"line":103,"column":4},"end":{"line":103,"column":32}}}},"statementMap":{"1":{"start":{"line":1,"column":0},"end":{"line":1,"column":23}},"2":{"start":{"line":2,"column":0},"end":{"line":2,"column":27}},"3":{"start":{"line":3,"column":0},"end":{"line":3,"column":33}},"4":{"start":{"line":4,"column":0},"end":{"line":4,"column":34}},"5":{"start":{"line":5,"column":0},"end":{"line":5,"column":41}},"6":{"start":{"lin
[...]
:"(anonymous_15)","line":76,"loc":{"start":{"line":76,"column":25},"end":{"line":76,"column":36}}},"16":{"name":"(anonymous_16)","line":82,"loc":{"start":{"line":82,"column":23},"end":{"line":82,"column":39}}},"17":{"name":"_togglePackageDetailsOpened","line":87,"loc":{"start":{"line":87,"column":8},"end":{"line":87,"column":59}}},"18":{"name":"loadPackageDetails","line":94,"loc":{"start":{"line":94,"column":12},"end":{"line":94,"column":54}}},"19":{"name":"(anonymous_19)","line":96,"loc":{"start":{"line":96,"column":29},"end":{"line":96,"column":47}}},"20":{"name":"(anonymous_20)","line":99,"loc":{"start":{"line":99,"column":27},"end":{"line":99,"column":38}}}},"statementMap":{"1":{"start":{"line":1,"column":0},"end":{"line":104,"column":7}},"2":{"start":{"line":3,"column":8},"end":{"line":21,"column":11}},"3":{"start":{"line":23,"column":8},"end":{"line":23,"column":16}},"4":{"start":{"line":24,"column":8},"end":{"line":26,"column":9}},"5":{"start":{"line":25,"column":12},"end":{"line":25,"column":27}},"6":{"start":{"line":28,"column":8},"end":{"line":40,"column":9}},"7":{"start":{"line":29,"column":12},"end":{"line":39,"column":19}},"8":{"start":{"line":31,"column":20},"end":{"line":35,"column":23}},"9":{"start":{"line":32,"column":24},"end":{"line":32,"column":78}},"10":{"start":{"line":34,"column":24},"end":{"line":34,"column":36}},"11":{"start":{"line":38,"column":20},"end":{"line":38,"column":38}},"12":{"start":{"line":42,"column":8},"end":{"line":44,"column":9}},"13":{"start":{"line":43,"column":12},"end":{"line":43,"column":47}},"14":{"start":{"line":46,"column":8},"end":{"line":48,"column":9}},"15":{"start":{"line":47,"column":12},"end":{"line":47,"column":48}},"16":{"start":{"line":50,"column":8},"end":{"line":62,"column":9}},"17":{"start":{"line":51,"column":12},"end":{"line":61,"column":19}},"18":{"start":{"line":55,"column":20},"end":{"line":55,"column":56}},"19":{"start":{"line":57,"column":20},"end":{"line":57,"column":35}},"20":{"start":{"line":60,"column":20},"end":{"line":60,"column":49}},"21":{"start":{"line":64,"column":8},"end":{"line":68,"column":9}},"22":{"start":{"line":65,"column":12},"end":{"line":65,"column":47}},"23":{"start":{"line":67,"column":12},"end":{"line":67,"column":50}},"24":{"start":{"line":70,"column":8},"end":{"line":72,"column":9}},"25":{"start":{"line":71,"column":12},"end":{"line":71,"column":51}},"26":{"start":{"line":74,"column":8},"end":{"line":85,"column":9}},"27":{"start":{"line":75,"column":12},"end":{"line":84,"column":19}},"28":{"start":{"line":77,"column":20},"end":{"line":77,"column":48}},"29":{"start":{"line":78,"column":20},"end":{"line":78,"column":59}},"30":{"start":{"line":80,"column":20},"end":{"line":80,"column":35}},"31":{"start":{"line":83,"column":20},"end":{"line":83,"column":52}},"32":{"start":{"line":87,"column":8},"end":{"line":103,"column":9}},"33":{"start":{"line":88,"column":12},"end":{"line":88,"column":69}},"34":{"start":{"line":90,"column":12},"end":{"line":92,"column":13}},"35":{"start":{"line":91,"column":16},"end":{"line":91,"column":49}},"36":{"start":{"line":94,"column":12},"end":{"line":102,"column":13}},"37":{"start":{"line":95,"column":16},"end":{"line":101,"column":22}},"38":{"start":{"line":97,"column":24},"end":{"line":97,"column":55}},"39":{"start":{"line":100,"column":24},"end":{"line":100,"column":57}}},"branchMap":{"1":{"line":90,"type":"if","locations":[{"start":{"line":90,"column":12},"end":{"line":90,"column":12}},{"start":{"line":90,"column":12},"end":{"line":90,"column":12}}]},"2":{"line":90,"type":"binary-expr","locations":[{"start":{"line":90,"column":15},"end":{"line":90,"column":41}},{"start":{"line":90,"column":45},"end":{"line":90,"column":66}}]}},"code":["angular.module('PrivateBower')","    .controller('mainController', function($http) {","        var self = angular.extend(this, {","            packages: null,","            error: false,","","            addPackageError: null,","            addPackageDialogOpened: false,","            addPackage: _addPackage,","            addPackageButtonClick: _addPackageButtonClick,","            cancelAddPackageClick: _cancelAddPackageClick,","","            packageToRemove: null,","            removePackageError: null,","            removePackageDialogOpened: false,","            removePackage: _removePackage,","            removePackageButtonClick: _removePackageButtonClick,","            cancelRemovePackageClick: _cancelRemovePackageClick,","            ","            togglePackageDetailsOpened: _togglePackageDetailsOpened","        });","","        _init();","        function _init() {","            _getPackages();","        }","","        function _getPackages() {","            $http.get('packages')","                .success(function(packages) {","                    self.packages = packages.map(function(pack) {","                        pack.siteUrl = pack.url.replace('git://', 'https://');","","                        return pack;","                    });","                })","                .error(function(error) {","                    self.error = true;","                });","        }","","        function _addPackageButtonClick() {","            self.addPackageDialogOpened = true;","        }","","        function _cancelAddPackageClick() {","            self.addPackageDialogOpened = false;","        }","","        function _addPackage(packageName, packageUrl) {","            $http.post('packages/' + packageName, {","                url: packageUrl","            })","                .success(function() {","                    self.addPackageDialogOpened = false;","","                    _getPackages();","                })","                .error(function(error) {","                    self.addPackageError = error;","                });","        }","","        function _removePackageButtonClick(packageName) {","            self.packageToRemove = packageName;","","            self.removePackageDialogOpened = true;","        }","","        function _cancelRemovePackageClick() {","            self.removePackageDialogOpened = false;","        }","","        function _removePackage(packageName) {","            $http.delete('packages/' + packageName)","                .success(function() {","                    self.packageToRemove = null;","                    self.removePackageDialogOpened = false;","","                    _getPackages();","                })","                .error(function(error) {","                    self.removePackageError = error;","                });","        }","        ","        function _togglePackageDetailsOpened(bowerPackage) {","            bowerPackage.detailsOpened = !bowerPackage.detailsOpened;","            ","            if(bowerPackage.detailsOpened && !bowerPackage.details) {","                loadPackageDetails(bowerPackage);","            }","            ","            function loadPackageDetails(bowerPackage) {","                $http.get('packages/' + bowerPackage.name + '/details')","                    .success(function(details) {","                        bowerPackage.details = details;","                    })","                    .error(function() {","                        bowerPackage.detailsError = true;","                    })","            }","        }","    });"],"l":{"1":2,"3":0,"23":0,"24":1,"25":0,"28":1,"29":0,"31":0,"32":0,"34":0,"38":0,"42":1,"43":0,"46":1,"47":0,"50":1,"51":0,"55":0,"57":0,"60":0,"64":1,"65":0,"67":0,"70":1,"71":0,"74":1,"75":0,"77":0,"78":0,"80":0,"83":0,"87":1,"88":0,"90":0,"91":0,"94":1,"95":0,"97":0,"100":0}},"/home/travis/build/npmtest/node-npmtest-private-bower/node_modules/private-bower/site/directives/dialog.js":{"path":"/home/travis/build/npmtest/node-npmtest-private-bower/node_modules/private-bower/site/directives/dialog.js","s":{"1":2,"2":0},"b":{},"f":{"1":0},"fnMap":{"1":{"name":"(anonymous_1)","line":2,"loc":{"start":{"line":2,"column":25},"end":{"line":2,"column":36}}}},"statementMap":{"1":{"start":{"line":1,"column":0},"end":{"line":13,"column":7}},"2":{"start":{"line":3,"column":8},"end":{"line":12,"column":10}}},"branchMap":{},"code":["angular.module('PrivateBower')","    .directive('dialog', function() {","        return {","            restrict: 'E',","            template: '<div class=\"dialog\" ng-show=\"isOpened\"><div class=\"dimmer\"><div class=\"inner\"><div ng-transclude=\"\"></div></div></div></div>',","            transclude: true,","            replace: true,","            scope: {","                isOpened: '=',","                onClose: '&'","            }","        };","    });"],"l":{"1":2,"3":0}},"/home/travis/build/npmtest/node-npmtest-private-bower/node_modules/private-bower/site/interceptors/notAuthenticatedInterceptor.js":{"path":"/home/travis/build/npmtest/node-npmtest-private-bower/node_modules/private-bower/site/interceptors/notAuthenticatedInterceptor.js","s":{"1":2,"2":0,"3":1,"4":0,"5":0,"6":0,"7":1,"8":0,"9":0,"10":0},"b":{"1":[0,0],"2":[0,0]},"f":{"1":0,"2":0,"3":0,"4":0},"fnMap":{"1":{"name":"NotAuthenticatedInterceptor","line":2,"loc":{"start":{"line":2,"column":44},"end":{"line":2,"column":85}}},"2":{"name":"_onResponseError","line":10,"loc":{"start":{"line":10,"column":8},"end":{"line":10,"column":45}}},"3":{"name":"_setAuthenticationResolver","line":18,"loc":{"start":{"line":18,"column":8},"end":{"line":18,"column":68}}},"4":{"name":"(anonymous_4)","line":24,"loc":{"start":{"line":24,"column":12},"end":{"line":24,"column":36}}}},"statementMap":{"1":{"start":{"line":1,"column":0},"end":{"line":26,"column":7}},"2":{"start":{"line":3,"column":8},"end":{"line":8,"column":10}},"3":{"start":{"line":10,"column":8},"end":{"line":16,"column":9}},"4":{"start":{"line":11,"column":12},"end":{"line":13,"column":13}},"5":{"start":{"line":12,"column":16},"end":{"line":12,"column":62}},"6":{"start":{"line":15,"column":12},"end":{"line":15,"column":40}},"7":{"start":{"line":18,"column":8},"end":{"line":20,"column":9}},"8":{"start":{"line":19,"column":12},"end":{"line":19,"column":65}},"9":{"start":{"line":22,"column":8},"end":{"line":22,"column":20}},"10":{"start":{"line":25,"column":8},"end":{"line":25,"column":71}}},"branchMap":{"1":{"line":11,"type":"if","locations":[{"start":{"line":11,"column":12},"end":{"line":11,"column":12}},{"start":{"line":11,"column":12},"end":{"line":11,"column":12}}]},"2":{"line":11,"type":"binary-expr","locations":[{"start":{"line":11,"column":15},"end":{"line":11,"column":39}},{"start":{"line":11,"column":43},"end":{"line":11,"column":70}}]}},"code":["angular.module('PrivateBower')","    .factory('notAuthenticatedInterceptor', function NotAuthenticatedInterceptor($q) {","        var self = {","            authenticationResolver: null,","","            responseError: _onResponseError,","            setAuthenticationResolver: _setAuthenticationResolver","        };","","        function _onResponseError(rejection) {","            if(rejection.status === 401 && self.authenticationResolver) {","                return self.authenticationResolver(rejection);","            }","","            return $q.reject(rejection);","        }","","        function _setAuthenticationResolver(authenticationResolver) {","            self.authenticationResolver = authenticationResolver;","        }","","        return self;","    })","    .config(function($httpProvider) {","        $httpProvider.interceptors.push('notAuthenticatedInterceptor');","    });"],"l":{"1":2,"3":0,"10":1,"11":0,"12":0,"15":0,"18":1,"19":0,"22":0,"25":0}},"/home/travis/build/npmtest/node-npmtest-private-bower/node_modules/private-bower/site/services/userContextService.js":{"path":"/home/travis/build/npmtest/node-npmtest-private-bower/node_modules/private-bower/site/services/userContextService.js","s":{"1":2,"2":0,"3":1,"4":0,"5":0,"6":0},"b":{},"f":{"1":0,"2":0},"fnMap":{"1":{"name":"UserContextService","line":2,"loc":{"start":{"line":2,"column":35},"end":{"line":2,"column":70}}},"2":{"name":"_setAuthenticationToken","line":9,"loc":{"start":{"line":9,"column":8},"end":{"line":9,"column":62}}}},"statementMap":{"1":{"start":{"line":1,"column":0},"end":{"line":16,"column":7}},"2":{"start":{"line":3,"column":8},"end":{"line":7,"column":10}},"3":{"start":{"line":9,"column":8},"end":{"line":13,"column":9}},"4":{"start":{"line":10,"column":12},"end":{"line":10,"column":59}},"5":{"start":{"line":12,"column":12},"end":{"line":12,"column":81}},"6":{"start":{"line":15,"column":8},"end":{"line":15,"column":20}}},"branchMap":{},"code":["angular.module('PrivateBower')","    .service('userContextService', function UserContextService($http) {","        var self = {","            authenticationToken: null,","","            setAuthenticationToken: _setAuthenticationToken","        };","","        function _setAuthenticationToken(authenticationToken) {","            self.authenticationToken = authenticationToken;","","            $http.defaults.headers.common['Auth-Key'] = self.authenticationToken;","        }","","        return self;","    });"],"l":{"1":2,"3":0,"9":1,"10":0,"12":0,"15":0}},"/home/travis/build/npmtest/node-npmtest-private-bower/node_modules/private-bower/lib/api/infrastructure/authentication.js":{"path":"/home/travis/build/npmtest/node-npmtest-private-bower/node_modules/private-bower/lib/api/infrastructure/authentication.js","s":{"1":1,"2":1,"3":0,"4":0,"5":0,"6":0,"7":0,"8":0},"b":{"1":[0,0],"2":[0,0],"3":[0,0]},"f":{"1":0},"fnMap":{"1":{"name":"Authentication","line":3,"loc":{"start":{"line":3,"column":17},"end":{"line":3,"column":57}}}},"statementMap":{"1":{"start":{"line":1,"column":0},"end":{"line":1,"column":73}},"2":{"start":{"line":3,"column":0},"end":{"line":14,"column":2}},"3":{"start":{"line":4,"column":4},"end":{"line":6,"column":5}},"4":{"start":{"line":5,"column":8},"end":{"line":5,"column":22}},"5":{"start":{"line":8,"column":4},"end":{"line":10,"column":5}},"6":{"start":{"line":9,"column":8},"end":{"line":9,"column":22}},"7":{"start":{"line":12,"column":4},"end":{"line":12,"column":20}},"8":{"start":{"line":13,"column":4},"end":{"line":13,"column":29}}},"branchMap":{"1":{"line":4,"type":"if","locations":[{"start":{"line":4,"column":4},"end":{"line":4,"column":4}},{"start":{"line":4,"column":4},"end":{"line":4,"column":4}}]},"2":{"line":4,"type":"binary-expr","locations":[{"start":{"line":4,"column":7},"end":{"line":4,"column":29}},{"start":{"line":4,"column":33},"end":{"line":4,"column":63}}]},"3":{"line":8,"type":"if","locations":[{"start":{"line":8,"column":4},"end":{"line":8,"column":4}},{"start":{"line":8,"column":4},"end":{"line":8,"column":4}}]}},"code":["var config = require('../../infrastructure/configurationManager').config;","","module.exports = function Authentication(req, res, next) {","    if(!config.authentication || !config.authentication.enabled) {","        return next();","    }","","    if(req.get('Auth-Key') === config.authentication.key) {","        return next();","    }","","    res.status(401);","    res.send('Unauthorized');","};"],"l":{"1":1,"3":1,"4":0,"5":0,"8":0,"9":0,"12":0,"13":0}},"/home/travis/build/npmtest/node-npmtest-private-bower/node_modules/private-bower/lib/api/infrastructure/controller.js":{"path":"/home/travis/build/npmtest/node-npmtest-private-bower/node_modules/private-bower/lib/api/infrastructure/controller.js","s":{"1":1,"2":1,"3":0,"4":0,"5":1,"6":0,"7":0,"8":0,"9":0,"10":0,"11":0,"12":0,"13":0,"14":0,"15":0,"16":0,"17":0,"18":0,"19":0,"20":0,"21":1},"b":{"1":[0,0],"2":[0,0],"3":[0,0],"4":[0,0],"5":[0,0]},"f":{"1":0,"2":0,"3":0,"4":0,"5":0,"6":0},"fnMap":{"1":{"name":"Controller","line":3,"loc":{"start":{"line":3,"column":0},"end":{"line":3,"column":30}}},"2":{"name":"(anonymous_2)","line":10,"loc":{"start":{"line":10,"column":9},"end":{"line":10,"column":45}}},"3":{"name":"(anonymous_3)","line":18,"loc":{"start":{"line":18,"column":10},"end":{"line":18,"column":46}}},"4":{"name":"(anonymous_4)","line":26,"loc":{"start":{"line":26,"column":9},"end":{"line":26,"column":45}}},"5":{"name":"(anonymous_5)","line":34,"loc":{"start":{"line":34,"column":12},"end":{"line":34,"column":48}}},"6":{"name":"(anonymous_6)","line":42,"loc":{"start":{"line":42,"column":10},"end":{"line":42,"column":38}}}},"statementMap":{"1":{"start":{"line":1,"column":0},"end":{"line":1,"column":39}},"2":{"start":{"line":3,"column":0},"end":{"line":7,"column":1}},"3":{"start":{"line":4,"column":4},"end":{"line":4,"column":29}},"4":{"start":{"line":6,"column":4},"end":{"line":6,"column":27}},"5":{"start":{"line":9,"column":0},"end":{"line":48,"column":2}},"6":{"start":{"line":11,"column":8},"end":{"line":16,"column":9}},"7":{"start":{"line":12,"column":12},"end":{"line":12,"column":55}},"8":{"start":{"line":15,"column":12},"end":{"line":15,"column":46}},"9":{"start":{"line":19,"column":8},"end":{"line":24,"column":9}},"10":{"start":{"line":20,"column":12},"end":{"line":20,"column":56}},"11":{"start":{"line":23,"column":12},"end":{"line":23,"column":47}},"12":{"start":{"line":27,"column":8},"end":{"line":32,"column":9}},"13":{"start":{"line":28,"column":12},"end":{"line":28,"column":55}},"14":{"start":{"line":31,"column":12},"end":{"line":31,"column":46}},"15":{"start":{"line":35,"column":8},"end":{"line":40,"column":9}},"16":{"start":{"line":36,"column":12},"end":{"line":36,"column":58}},"17":{"start":{"line":39,"column":12},"end":{"line":39,"column":49}},"18":{"start":{"line":43,"column":8},"end":{"line":45,"column":9}},"19":{"start":{"line":44,"column":12},"end":{"line":44,"column":57}},"20":{"start":{"line":46,"column":8},"end":{"line":46,"column":44}},"21":{"start":{"line":50,"column":0},"end":{"line":50,"column":28}}},"branchMap":{"1":{"line":11,"type":"if","locations":[{"start":{"line":11,"column":8},"end":{"line":11,"column":8}},{"start":{"line":11,"column":8},"end":{"line":11,"column":8}}]},"2":{"line":19,"type":"if","locations":[{"start":{"line":19,"column":8},"end":{"line":19,"column":8}},{"start":{"line":19,"column":8},"end":{"line":19,"column":8}}]},"3":{"line":27,"type":"if","locations":[{"start":{"line":27,"column":8},"end":{"line":27,"column":8}},{"start":{"line":27,"column":8},"end":{"line":27,"column":8}}]},"4":{"line":35,"type":"if","locations":[{"start":{"line":35,"column":8},"end":{"line":35,"column":8}},{"start":{"line":35,"column":8},"end":{"line":35,"column":8}}]},"5":{"line":43,"type":"if","locations":[{"start":{"line":43,"column":8},"end":{"line":43,"column":8}},{"start":{"line":43,"column":8},"end":{"line":43,"column":8}}]}},"code":["var Router = require('express').Router;","","function Controller(basePath) {","    this.basePath = basePath;","","    this.router = Router();","}","","Controller.prototype = {","    get: function(path, middleware, handler) {","        if(handler) {","            this.router.get(path, middleware, handler);","        }","        else {","            this.router.get(path, middleware);","        }","    },","    post: function(path, middleware, handler) {","        if(handler) {","            this.router.post(path, middleware, handler);","        }","        else {","            this.router.post(path, middleware);","        }","    },","    put: function(path, middleware, handler) {","        if(handler) {","            this.router.put(path, middleware, handler);","        }","        else {","            this.router.put(path, middleware);","        }","    },","    delete: function(path, middleware, handler) {","        if(handler) {","            this.router.delete(path, middleware, handler);","        }","        else {","            this.router.delete(path, middleware);","        }","    },","    bind: function(app, siteBasePath) {","        if (siteBasePath) {","            this.basePath = siteBasePath + this.basePath;","        }","        app.use(this.basePath, this.router);","    }","};","","module.exports = Controller;"],"l":{"1":1,"3":1,"4":0,"6":0,"9":1,"11":0,"12":0,"15":0,"19":0,"20":0,"23":0,"27":0,"28":0,"31":0,"35":0,"36":0,"39":0,"43":0,"44":0,"46":0,"50":1}}}